1 4293
1001 782
2001 1011
3001 1593
4001 1797
5001 2318
6001 2618
7001 3015
8001 3502
9001 3754
10001 4445
11001 4994
12001 4990
13001 5689
14001 5925
15001 6657
16001 7119
17001 7781
18001 8212
19001 8927
20001 9085
21001 9815
22001 10272
23001 10767
24001 11470
25001 11215
26001 11527
27001 11346
28001 11743
29001 13369
30001 14430
31001 15255
32001 14411
33001 15307
34001 16106
35001 16260
36001 17328
37001 16403
38001 17549
39001 18095
40001 18299
41001 18364
42001 19029
43001 20409
44001 20913
45001 23565
46001 22183
47001 22843
48001 23584
49001 23805
50001 35416
51001 33808
52001 36832
53001 34588
54001 35044
55001 36411
56001 38266
57001 38545
58001 39379
59001 39505
60001 40325
61001 41076
62001 42634
63001 42379
64001 44202
65001 44970
66001 44356
67001 45987
68001 47331
69001 46529
70001 46860
71001 46622
72001 48816
73001 48262
74001 50810
75001 51888
76001 51511
77001 50664
78001 52320
79001 51407
80001 49380
81001 52758
82001 52173
83001 53464
84001 54114
85001 52639
86001 54868
87001 55088
88001 53539
89001 73963
90001 57576
91001 67467
92001 62282
93001 61905
94001 63015
95001 61978
96001 64547
97001 64608
98001 64054
99001 66413
100001 66874
101001 65833
102001 66870
103001 69736
104001 77524
105001 69087
106001 78844
107001 71053
108001 74377
109001 73106
110001 72364
111001 74194
112001 73729
113001 75304
114001 65949
115001 58428
116001 56390
117001 58874
118001 60394
119001 57793
120001 60106
121001 65800
122001 65902
123001 64063
124001 65238
125001 65742
126001 68558
127001 67465
128001 71814
129001 67944
130001 72339
131001 67852
132001 77506
133001 77674
134001 71596
135001 70657
136001 71104
137001 79088
138001 77829
139001 72896
140001 75422
141001 76388
142001 74371
143001 77081
144001 75589
145001 78587
146001 82243
147001 80023
148001 79539
149001 79651
150001 83041
151001 83565
152001 82867
153001 83636
154001 83872
155001 82047
156001 92237
157001 89780
158001 83738
159001 90564
160001 86497
161001 88633
162001 92303
163001 86150
164001 93483
165001 90159
166001 88163
167001 93794
168001 98108
169001 94719
170001 93527
171001 94686
172001 93965
173001 92882
174001 95205
175001 100630
176001 99835
177001 97972
178001 97651
179001 100683
180001 102631
181001 97714
182001 94567
183001 102925
184001 100792
185001 105701
186001 106643
187001 102082
188001 104607
189001 114971
190001 107477
191001 109265
192001 106942
193001 107613
194001 107888
195001 106645
196001 113665
197001 114218
198001 113961
199001 121407
200001 112360
201001 112978
202001 115873
203001 121795
204001 117713
205001 117985
206001 124636
207001 118184
208001 116712
209001 122224
210001 121749
211001 123167
212001 117729
213001 120406
214001 119731
215001 122035
216001 128847
217001 129963
218001 139349
219001 127250
220001 125294
221001 125050
222001 132293
223001 126441
224001 141157
225001 122399
226001 125025
227001 117785
228001 122307
229001 119489
230001 118686
231001 120514
232001 121440
233001 123187
234001 128869
235001 130192
236001 124190
237001 133500
238001 131881
239001 126511
240001 157696
241001 132841
242001 136523
243001 133628
244001 137953
245001 140553
246001 133798
247001 131496
248001 129130
249001 144675
250001 138543
251001 137090
252001 137544
253001 138838
254001 145397
255001 154172
256001 143755
257001 146312
258001 141273
259001 135416
260001 140999
261001 143505
262001 145008
263001 141949
264001 151486
265001 145209
266001 148338
267001 146809
268001 137755
269001 144007
270001 141342
271001 161538
272001 162191
273001 159195
274001 148020
275001 153149
276001 148099
277001 156250
278001 157578
279001 154024
280001 157487
281001 151802
282001 157095
283001 156043
284001 155581
285001 152027
286001 151071
287001 163251
288001 163440
289001 160720
290001 160301
291001 158725
292001 171989
293001 159680
294001 167495
295001 166249
296001 166276
297001 160944
298001 165187
299001 158228
300001 169286
301001 168453
302001 166553
303001 181112
304001 164052
305001 172820
306001 172774
307001 171767
308001 190532
309001 185124
310001 183669
311001 185493
312001 186927
313001 183556
314001 190800
315001 182080
316001 191829
317001 184304
318001 189903
319001 190611
320001 188055
321001 198821
322001 198387
323001 183370
324001 179705
325001 183878
326001 181913
327001 177268
328001 184840
329001 190220
330001 188587
331001 182958
332001 189721
333001 184315
334001 183696
335001 183825
336001 185698
337001 190243
338001 191857
339001 188295
340001 196198
341001 184687
342001 188540
343001 205852
344001 186851
345001 203222
346001 199618
347001 205908
348001 191803
349001 204948
350001 203659
351001 210579
352001 204836
353001 201352
354001 201420
355001 205103
356001 196373
357001 204625
358001 202179
359001 204965
360001 207115
361001 201730
362001 205429
363001 200021
364001 206367
365001 196900
366001 209780
367001 218712
368001 211767
369001 218139
370001 202796
371001 223647
372001 214913
373001 206492
374001 220434
375001 228804
376001 208398
377001 210757
378001 208893
379001 210501
380001 225223
381001 218575
382001 212999
383001 216425
384001 230580
385001 229626
386001 216577
387001 220161
388001 213464
389001 263106
390001 235032
391001 226668
392001 223562
393001 225654
394001 234410
395001 219824
396001 231835
397001 229097
398001 247145
399001 231844
400001 241761
401001 240255
402001 221258
403001 240093
404001 229789
405001 247332
406001 224132
407001 237436
408001 241491
409001 239372
410001 237982
411001 237348
412001 238935
413001 248236
414001 235242
415001 243765
416001 235708
417001 247715
418001 241499
419001 252906
420001 236023
421001 253122
422001 251305
423001 250280
424001 251130
425001 251198
426001 254222
427001 254455
428001 249885
429001 243904
430001 256623
431001 256622
432001 249262
433001 1004101
434001 948410
435001 962422
436001 935295
437001 956543
438001 967588
439001 960527
440001 969963
441001 951487
442001 273482
443001 291172
444001 266233
445001 245694
446001 264261
447001 266956
448001 265323
449001 260112
450001 261524
451001 276195
452001 272882
453001 278986
454001 280519
455001 277993
456001 269830
457001 265475
458001 262136
459001 259232
460001 251460
461001 269093
462001 262115
463001 345827
464001 319790
465001 291163
466001 304602
467001 297941
468001 291793
469001 294651
470001 318906
471001 287665
472001 293595
473001 285700
474001 303500
475001 292330
476001 299669
477001 299551
478001 303304
479001 292873
480001 305760
481001 294529
482001 337775
483001 282611
484001 296173
485001 294183
486001 307604
487001 315410
488001 311063
489001 304444
490001 305611
491001 304790
492001 318971
493001 289538
494001 297681
495001 312870
496001 327107
497001 328767
498001 322058
499001 292761
