1 310186
1001 241031
2001 833345
3001 3180985
4001 112105
5001 135207
6001 106402
7001 121036
8001 133637
9001 157984
10001 265243
11001 284160
12001 319908
13001 346501
14001 368948
15001 381713
16001 417749
17001 350699
18001 313024
19001 337040
20001 358620
21001 379274
22001 406563
23001 421657
24001 443267
25001 485506
26001 500520
27001 532304
28001 543947
29001 559937
30001 574940
31001 596933
32001 565441
33001 581523
34001 611826
35001 637108
36001 664083
37001 729921
38001 712507
39001 736731
40001 830983
41001 843983
42001 875582
43001 844572
44001 853214
45001 915491
46001 902206
47001 926955
48001 957376
49001 975044
50001 996907
51001 1064680
52001 1097589
53001 1122019
54001 1097615
55001 1077957
56001 1094523
57001 1104241
58001 1151270
59001 1242120
60001 1242017
61001 1198030
62001 1190076
63001 1201641
64001 1233808
65001 1233273
66001 1279255
67001 1304452
68001 1313393
69001 1324495
70001 1387551
71001 1414889
72001 1429122
73001 1549707
74001 1584449
75001 1600813
76001 1642685
77001 1654768
78001 1664728
79001 1643095
80001 1667233
81001 1704873
82001 1718545
83001 1747350
84001 1788178
85001 1851926
86001 1829646
87001 1791319
88001 1800409
89001 1829538
90001 1845545
91001 1919631
92001 1975904
93001 2041546
94001 1937249
95001 2025413
96001 2010095
97001 2060555
98001 2075849
99001 2088215
100001 2099001
101001 2163047
102001 2115299
103001 2175267
104001 2251343
105001 2306206
106001 2287375
107001 2202136
108001 2268285
109001 2261067
110001 2275547
111001 2311007
112001 2310370
113001 2335535
114001 2364910
115001 2335893
116001 2423372
117001 2531994
118001 2564360
119001 2521378
120001 2531799
121001 2517685
122001 2637567
123001 2645899
124001 2674598
125001 2568052
126001 2524849
127001 2552764
128001 2602370
129001 2607352
130001 2603184
131001 2639052
132001 2645735
133001 2709326
134001 2715250
135001 2809158
136001 2970217
137001 2961575
138001 2906357
139001 2946192
140001 2971505
141001 2918021
142001 3040425
143001 2970654
144001 3023559
145001 3073105
146001 3138914
147001 3190034
148001 3224021
149001 3377360
150001 3392065
151001 3417244
152001 3203563
153001 3227684
154001 3267501
155001 3281313
156001 3344696
157001 3380722
158001 3425554
159001 3459388
160001 3406015
161001 3433980
162001 3640904
163001 3659587
164001 3619210
165001 3606458
166001 3678046
167001 3659188
168001 3626956
169001 3679916
170001 3758644
171001 3771567
172001 3790802
173001 4000811
174001 3920283
175001 3938488
176001 3884092
177001 3911830
178001 3950189
179001 4009494
180001 4055347
181001 4143360
182001 4211946
183001 4197688
184001 4138019
185001 4120659
186001 4217278
187001 4178618
188001 4470010
189001 4386259
190001 4453252
191001 4414156
192001 4407263
193001 4394494
194001 4360634
195001 4364286
196001 4682524
197001 4430262
198001 4461117
199001 4523553
200001 4497179
201001 4577056
202001 4620306
203001 4540037
204001 4592004
205001 4895123
206001 4918292
207001 4943881
208001 4978740
209001 4796184
210001 4680972
211001 4681661
212001 4709033
213001 4865017
214001 4928846
215001 4975340
216001 4954645
217001 5094800
218001 5100962
219001 5129919
220001 5145409
221001 5181467
222001 5224290
223001 5259571
224001 5250812
225001 5271088
226001 5276974
227001 5293585
228001 5326514
229001 5337372
230001 5189055
231001 5051196
232001 5125947
233001 5054237
234001 5162069
235001 5206431
236001 5506266
237001 5358794
238001 5349405
239001 5361557
240001 5384278
241001 5257997
242001 5292565
243001 5316064
244001 5407016
245001 5617997
246001 5475743
247001 5577133
248001 5497859
249001 5454149
250001 5439374
251001 5515970
252001 5498077
253001 5559405
254001 5762275
255001 5691461
256001 5725021
257001 5596052
258001 5531730
259001 5548816
260001 5584346
261001 5830992
262001 5853856
263001 5859491
264001 5887982
265001 5802631
266001 5759676
267001 5857374
268001 6003449
269001 5947056
270001 6209429
271001 5926274
272001 5888040
273001 6083873
274001 6562119
275001 6355017
276001 6365142
277001 6411651
278001 6303147
279001 6467257
280001 6556847
281001 6530708
282001 6566164
283001 6654552
284001 6711439
285001 6723276
286001 6747148
287001 6533207
288001 6771465
289001 6868291
290001 6871632
291001 6870761
292001 6786402
293001 6925383
294001 6989360
295001 7025991
296001 7075599
297001 7156227
298001 8859153
299001 7205810
300001 7197033
301001 7215247
302001 7206485
303001 7265868
304001 7288895
305001 7321013
306001 7353733
307001 7516251
308001 7405118
309001 7442766
310001 7457401
311001 7470117
312001 7704159
313001 7647341
314001 7862324
315001 7841252
316001 7625172
317001 7685580
318001 7718591
319001 7715512
320001 8024988
321001 7778619
322001 7920715
323001 7883154
324001 7870829
325001 7904015
326001 8084611
327001 7949599
328001 7976056
329001 8273927
330001 8058304
331001 8054017
332001 8067703
333001 8198898
334001 8209542
335001 8219483
336001 8179311
337001 8586656
338001 8338037
339001 8373608
340001 8556646
341001 8544160
342001 8531167
343001 8524660
344001 8410585
345001 8951391
346001 8521895
347001 8585967
348001 8887936
349001 8670194
350001 8655673
351001 8736032
352001 9047065
353001 9057223
354001 8847924
355001 9038452
356001 8882481
357001 9077726
358001 8896709
359001 9124324
360001 9236019
361001 9036894
362001 8945895
363001 8975289
364001 8984339
365001 9310957
366001 9175990
367001 9205102
368001 9181353
369001 9212009
370001 9185080
371001 9232686
372001 9567698
373001 9411499
374001 9251816
375001 9278793
376001 9308465
377001 9345232
378001 9571409
379001 9485376
380001 9691198
381001 9665783
382001 9757928
383001 9722874
384001 9561600
385001 9550737
386001 9590173
387001 9605272
388001 9806182
389001 9822338
390001 9703673
391001 9789701
392001 9731913
393001 9864724
394001 10001372
395001 10089768
396001 9863713
397001 9849353
398001 10295943
399001 10405800
400001 10290028
401001 10019984
402001 9970952
403001 9996726
404001 10102029
405001 10065217
406001 10331085
407001 10408408
408001 10102614
409001 10331240
410001 10150011
411001 10614746
412001 10630006
413001 10247920
414001 10327340
415001 10384807
416001 10392463
417001 10487030
418001 10539232
419001 10374606
420001 10474031
421001 10868969
422001 10482377
423001 10522534
424001 11320736
425001 11033485
426001 10938881
427001 10606755
428001 10405841
429001 10891513
430001 10633592
431001 11061752
432001 11137518
433001 10858080
434001 10769450
435001 10672700
436001 11161411
437001 10743416
438001 10709839
439001 10726261
440001 10816021
441001 10882923
442001 10823630
443001 10877776
444001 11059992
445001 10927854
446001 10907767
447001 10919949
448001 11172245
449001 11392479
450001 11006756
451001 11249936
452001 11217251
453001 11072025
454001 11233928
455001 11142361
456001 11177803
457001 11168622
458001 11169767
459001 11200471
460001 11246093
461001 11995526
462001 11368972
463001 11269208
464001 11347003
465001 11624911
466001 11355129
467001 11424253
468001 11703614
469001 11442774
470001 11924227
471001 11868993
472001 11462647
473001 11512144
474001 11604796
475001 11713148
476001 11811267
477001 11602496
478001 12072297
479001 12031978
480001 11647709
481001 11697555
482001 11706392
483001 12026646
484001 12170866
485001 11766890
486001 11794823
487001 12232831
488001 11834038
489001 11904856
490001 12460254
491001 12362908
492001 12099844
493001 12307219
494001 12401966
495001 12314583
496001 12280201
497001 12680935
498001 12107976
499001 12131019
