1 3795
1001 748
2001 957
3001 1159
4001 1366
5001 1670
6001 2120
7001 2505
8001 3007
9001 3625
10001 4167
11001 4785
12001 5633
13001 6344
14001 7244
15001 8201
16001 9319
17001 10277
18001 11329
19001 12491
20001 13599
21001 14915
22001 16213
23001 17596
24001 18869
25001 20457
26001 21971
27001 23613
28001 25244
29001 26976
30001 28587
31001 30455
32001 32518
33001 34234
34001 36228
35001 38145
36001 40278
37001 42503
38001 44588
39001 46764
40001 49151
41001 55316
42001 57679
43001 60275
44001 63082
45001 65739
46001 68483
47001 71371
48001 74428
49001 77322
50001 80513
51001 77809
52001 80698
53001 83838
54001 86807
55001 89971
56001 93213
57001 96334
58001 99606
59001 102853
60001 106606
61001 109677
62001 113225
63001 116869
64001 120232
65001 124002
66001 127773
67001 131401
68001 135444
69001 155910
70001 142876
71001 146947
72001 150950
73001 155263
74001 159287
75001 163522
76001 167909
77001 171970
78001 176267
79001 180943
80001 185203
81001 189766
82001 194420
83001 199056
84001 203642
85001 208440
86001 212998
87001 227373
88001 223167
89001 227992
90001 233114
91001 237915
92001 243073
93001 248395
94001 278602
95001 259109
96001 264074
97001 269628
98001 295620
99001 280896
100001 289798
101001 291820
102001 297262
103001 302886
104001 309073
105001 315019
106001 320468
107001 344893
108001 332834
109001 338791
110001 345008
111001 351313
112001 357092
113001 363822
114001 370030
115001 376319
116001 382824
117001 389394
118001 395694
119001 402343
120001 437060
121001 454621
122001 422192
123001 429565
124001 436520
125001 462468
126001 468453
127001 473350
128001 479802
129001 471208
130001 478518
131001 485172
132001 492601
133001 500716
134001 507539
135001 592591
136001 522265
137001 552863
138001 562704
139001 545893
140001 553717
141001 561128
142001 575426
143001 576561
144001 584950
145001 593166
146001 601080
147001 609465
148001 620668
149001 625238
150001 633934
151001 642371
152001 651923
153001 658653
154001 670343
155001 676264
156001 684700
157001 692611
158001 701933
159001 720961
160001 750513
161001 753969
162001 737528
163001 747037
164001 757851
165001 764794
166001 773893
167001 783182
168001 792452
169001 804746
170001 810439
171001 819675
172001 829686
173001 846266
174001 848745
175001 886973
176001 938624
177001 940569
178001 951478
179001 941489
180001 907417
181001 917937
182001 927577
183001 961856
184001 947739
185001 957591
186001 968018
187001 981445
188001 989351
189001 999724
190001 1010254
191001 1096375
192001 1188327
193001 1147100
194001 1215105
195001 1124613
196001 1238631
197001 1255277
198001 1262889
199001 1173288
200001 1213311
201001 1148777
202001 1139985
203001 1150385
204001 1224353
205001 1172694
206001 1215467
207001 1234546
208001 1207010
209001 1218402
210001 1233599
211001 1241778
212001 1255574
213001 1272481
214001 1277154
215001 1287875
216001 1386622
217001 1364129
218001 1481306
219001 1359464
220001 1348037
221001 1361490
222001 1380102
223001 1552578
224001 1403750
225001 1522681
226001 1661923
227001 1541796
228001 1495765
229001 1491690
230001 1509228
231001 1504539
232001 1522401
233001 1796342
234001 1902693
235001 1660574
236001 1749242
237001 1617908
238001 1614324
239001 1615714
240001 1601350
241001 1657229
242001 1646388
243001 1650345
244001 1681123
245001 1728882
246001 1680657
247001 1694337
248001 1751091
249001 1812152
250001 1826599
251001 1896346
252001 1816081
253001 1790056
254001 1832007
255001 1818420
256001 1860009
257001 1918395
258001 1973596
259001 1995938
260001 1996208
261001 1924128
262001 1910693
263001 2093232
264001 2167747
265001 2166843
266001 2030370
267001 2151540
268001 2318954
269001 2078213
270001 2020667
271001 2039622
272001 2051043
273001 2138185
274001 2100059
275001 2100523
276001 2170424
277001 2131193
278001 2140763
279001 2164470
280001 2176713
281001 2258315
282001 2205529
283001 2216979
284001 2244175
285001 2249521
286001 2269652
287001 2285810
288001 2364832
289001 2323389
290001 2329096
291001 2349225
292001 2362829
293001 2401443
294001 2557065
295001 2631936
296001 2598194
297001 2527724
298001 2465585
299001 2476621
300001 2534505
301001 2535054
302001 2738107
303001 2739998
304001 2558558
305001 2574759
306001 2594631
307001 2733376
308001 2863821
309001 2648293
310001 2661872
311001 2675369
312001 2701033
313001 2751962
314001 2728206
315001 2747826
316001 2769387
317001 2805193
318001 2795802
319001 2851475
320001 2868148
321001 2851602
322001 2870197
323001 2922472
324001 2976660
325001 3018339
326001 2959293
327001 2959885
328001 2980996
329001 2995175
330001 3048440
331001 3034198
332001 3056799
333001 3067259
334001 3082585
335001 3122918
336001 3175520
337001 3166485
338001 3333246
339001 3186731
340001 3493402
341001 3499667
342001 3329243
343001 3294853
344001 3381729
345001 3437471
346001 3557382
347001 3386785
348001 3714469
349001 3545714
350001 3739373
351001 3427938
352001 3708356
353001 3587397
354001 3534977
355001 3659221
356001 3599423
357001 3520921
358001 3541529
359001 3604435
360001 3576830
361001 3666001
362001 3619818
363001 3700757
364001 3700868
365001 3923024
366001 4119077
367001 4062488
368001 4009303
369001 3763896
370001 3780279
371001 4130068
372001 4100336
373001 3903066
374001 3857895
375001 3886055
376001 3970313
377001 3979600
378001 3946402
379001 4048847
380001 4055874
381001 4088517
382001 4026269
383001 4073272
384001 4154727
385001 4090338
386001 4115324
387001 4133773
388001 4240271
389001 4180509
390001 4368073
391001 4261117
392001 4376785
393001 4539029
394001 4578035
395001 4732346
396001 4341665
397001 4481373
398001 4820623
399001 4758180
400001 4642877
401001 4436143
402001 4482739
403001 4548533
404001 4699668
405001 4579999
406001 5291301
407001 4648049
408001 4502530
409001 4745449
410001 4813559
411001 4710773
412001 5235230
413001 4704819
414001 5113610
415001 4933032
416001 4781556
417001 4663848
418001 4684827
419001 4743412
420001 4857677
421001 4754629
422001 4807907
423001 4912854
424001 4803170
425001 4823459
426001 5033866
427001 5004110
428001 4969772
429001 4920888
430001 5172549
431001 5131018
432001 5431953
433001 5821456
434001 5233247
435001 5600410
436001 5273846
437001 5132430
438001 5129103
439001 5257185
440001 5206308
441001 5210484
442001 5312449
443001 5304209
444001 5315386
445001 5412100
446001 5308638
447001 5377049
448001 5451273
449001 5401254
450001 5402076
451001 5833978
452001 5488517
453001 5495109
454001 5613341
455001 5590336
456001 5595615
457001 5942793
458001 5597333
459001 5692228
460001 5741128
461001 5691462
462001 5710978
463001 5918872
464001 5742109
465001 6359181
466001 6657195
467001 6381110
468001 5909636
469001 6391195
470001 6185596
471001 5936291
472001 5978572
473001 6088777
474001 5998359
475001 6083770
476001 6718278
477001 6791118
478001 6483707
479001 6142119
480001 6147679
481001 6223755
482001 6233576
483001 6256012
484001 6507689
485001 6559161
486001 6785194
487001 7147011
488001 6863574
489001 6422999
490001 6479446
491001 6548094
492001 6487970
493001 6536271
494001 6573140
495001 6660213
496001 6678169
497001 6654964
498001 6712976
499001 7081236
