1 1995
1001 962
2001 2367
3001 2165
4001 2717
5001 3423
6001 3976
7001 10618
8001 5495
9001 6036
10001 7070
11001 7992
12001 8414
13001 9354
14001 9884
15001 10860
16001 11576
17001 12643
18001 13167
19001 14059
20001 15016
21001 15625
22001 16329
23001 17351
24001 17624
25001 26726
26001 19442
27001 20740
28001 21686
29001 22167
30001 24036
31001 24790
32001 25478
33001 26423
34001 27534
35001 28525
36001 30050
37001 30569
38001 39551
39001 31581
40001 32621
41001 43109
42001 34335
43001 35198
44001 37411
45001 41424
46001 42247
47001 43227
48001 44446
49001 45731
50001 46026
51001 47606
52001 48598
53001 50346
54001 51001
55001 51623
56001 52460
57001 53904
58001 54605
59001 55718
60001 58167
61001 57874
62001 59567
63001 59685
64001 61489
65001 63000
66001 62913
67001 64906
68001 66273
69001 66710
70001 67462
71001 68994
72001 69844
73001 70916
74001 72556
75001 73536
76001 75766
77001 76241
78001 76771
79001 77905
80001 78883
81001 79050
82001 75769
83001 76870
84001 77743
85001 79160
86001 81854
87001 80732
88001 81458
89001 84273
90001 83582
91001 85818
92001 99341
93001 86575
94001 90083
95001 89882
96001 91726
97001 91164
98001 93824
99001 94370
100001 94648
101001 95277
102001 97103
103001 98500
104001 98243
105001 100187
106001 102994
107001 102401
108001 107285
109001 105391
110001 104884
111001 117898
112001 106868
113001 108752
114001 110268
115001 120966
116001 111684
117001 112795
118001 127239
119001 120637
120001 113332
121001 113748
122001 114414
123001 115368
124001 131392
125001 125702
126001 126336
127001 128142
128001 134746
129001 121965
130001 122926
131001 123482
132001 125921
133001 126181
134001 126431
135001 137571
136001 154440
137001 143039
138001 142099
139001 141992
140001 142772
141001 155963
142001 160569
143001 136800
144001 138936
145001 138863
146001 140441
147001 149233
148001 141916
149001 143761
150001 145020
151001 145235
152001 146208
153001 148409
154001 149652
155001 149961
156001 150996
157001 153377
158001 156983
159001 153544
160001 154068
161001 157318
162001 156892
163001 157198
164001 158694
165001 160127
166001 162830
167001 162600
168001 163184
169001 165121
170001 166046
171001 167308
172001 168005
173001 177810
174001 170896
175001 171161
176001 190407
177001 181175
178001 175800
179001 177815
180001 176395
181001 176194
182001 178512
183001 180776
184001 202056
185001 194341
186001 195806
187001 204848
188001 194775
189001 188491
190001 188039
191001 210317
192001 204104
193001 205069
194001 205658
195001 193266
196001 194634
197001 209348
198001 205604
199001 207144
200001 208882
201001 208257
202001 207392
203001 210335
204001 210168
205001 212801
206001 211034
207001 213607
208001 215103
209001 228846
210001 225720
211001 217648
212001 230237
213001 223466
214001 221907
215001 224461
216001 224972
217001 225196
218001 228851
219001 227915
220001 228085
221001 232886
222001 230466
223001 231268
224001 237139
225001 234309
226001 238216
227001 249334
228001 230358
229001 232473
230001 231885
231001 243777
232001 235738
233001 246489
234001 236618
235001 240922
236001 253466
237001 255860
238001 267914
239001 241099
240001 243930
241001 246289
242001 245517
243001 246416
244001 249202
245001 258923
246001 267210
247001 252897
248001 255290
249001 253941
250001 255385
251001 256248
252001 255501
253001 260374
254001 259540
255001 260806
256001 260150
257001 266458
258001 264692
259001 264957
260001 267410
261001 266345
262001 271241
263001 268298
264001 273224
265001 281646
266001 274164
267001 314475
268001 274091
269001 286933
270001 278264
271001 277926
272001 280774
273001 282681
274001 283098
275001 283852
276001 282640
277001 340998
278001 307041
279001 314127
280001 288818
281001 289860
282001 290176
283001 293061
284001 293913
285001 294710
286001 296870
287001 297669
288001 300174
289001 299512
290001 311286
291001 303847
292001 302435
293001 303847
294001 305317
295001 308525
296001 332819
297001 307308
298001 309883
299001 310695
300001 313497
301001 313495
302001 315922
303001 318602
304001 319473
305001 326732
306001 319506
307001 346877
308001 360417
309001 357772
310001 359313
311001 360321
312001 361312
313001 362732
314001 364708
315001 363772
316001 365139
317001 362252
318001 344613
319001 345051
320001 352512
321001 340173
322001 338649
323001 340875
324001 339567
325001 344546
326001 343057
327001 342917
328001 345298
329001 345987
330001 364657
331001 347890
332001 350553
333001 350822
334001 359475
335001 352990
336001 354073
337001 356831
338001 357098
339001 357428
340001 361488
341001 362105
342001 361266
343001 367382
344001 363166
345001 367874
346001 443312
347001 384370
348001 379745
349001 382522
350001 385234
351001 395038
352001 386355
353001 389932
354001 387428
355001 377229
356001 379763
357001 377581
358001 380914
359001 385172
360001 383090
361001 383963
362001 394133
363001 386286
364001 388119
365001 386899
366001 390569
367001 393520
368001 390518
369001 399375
370001 394594
371001 394385
372001 397973
373001 416216
374001 398597
375001 401173
376001 402676
377001 404325
378001 404071
379001 437984
380001 434418
381001 411819
382001 412997
383001 409856
384001 414650
385001 412168
386001 414517
387001 415749
388001 418737
389001 418031
390001 421983
391001 423235
392001 431182
393001 440257
394001 422889
395001 425879
396001 437378
397001 471896
398001 436027
399001 429593
400001 436672
401001 429014
402001 432102
403001 434857
404001 439690
405001 444525
406001 439309
407001 442480
408001 439797
409001 459506
410001 481570
411001 484994
412001 445366
413001 462799
414001 497652
415001 457215
416001 449815
417001 453186
418001 465720
419001 453742
420001 454612
421001 475363
422001 457377
423001 458916
424001 463932
425001 469690
426001 497944
427001 463452
428001 475217
429001 466693
430001 465530
431001 473361
432001 470279
433001 470228
434001 471319
435001 471415
436001 477559
437001 493241
438001 542169
439001 510200
440001 501307
441001 484212
442001 479117
443001 483817
444001 488155
445001 504686
446001 486486
447001 487610
448001 486717
449001 487911
450001 491037
451001 514400
452001 494815
453001 495605
454001 498291
455001 495655
456001 504849
457001 510278
458001 501578
459001 510826
460001 500785
461001 505355
462001 520457
463001 513786
464001 549608
465001 548328
466001 509211
467001 512580
468001 516881
469001 521696
470001 517463
471001 515078
472001 517608
473001 518846
474001 520078
475001 525316
476001 521859
477001 527187
478001 557427
479001 546518
480001 546630
481001 550465
482001 546539
483001 546808
484001 547918
485001 551943
486001 535896
487001 541303
488001 563127
489001 537053
490001 544003
491001 561058
492001 568747
493001 596444
494001 551528
495001 547881
496001 557510
497001 549275
498001 548431
499001 595218
