1 299959
1001 15114
2001 36214
3001 53723
4001 80987
5001 87115
6001 107205
7001 129515
8001 171131
9001 176285
10001 214419
11001 232770
12001 278208
13001 281907
14001 306315
15001 353232
16001 402208
17001 401579
18001 341793
19001 364749
20001 379983
21001 40010
22001 31726
23001 32660
24001 33317
25001 35096
26001 44299
27001 39412
28001 40610
29001 41675
30001 46079
31001 48109
32001 49394
33001 50788
34001 52370
35001 54031
36001 59473
37001 54124
38001 55094
39001 56908
40001 58681
41001 59555
42001 63331
43001 65116
44001 68606
45001 70561
46001 74382
47001 73549
48001 74885
49001 76658
50001 77811
51001 79157
52001 81062
53001 83286
54001 86706
55001 87813
56001 90445
57001 90394
58001 93681
59001 96195
60001 99583
61001 100127
62001 99688
63001 103533
64001 107818
65001 109244
66001 109532
67001 108698
68001 110930
69001 112581
70001 113986
71001 118559
72001 117218
73001 119181
74001 147225
75001 86763
76001 83841
77001 83867
78001 96522
79001 82083
80001 83151
81001 82356
82001 81977
83001 83353
84001 86209
85001 85464
86001 87360
87001 87434
88001 89604
89001 89265
90001 90295
91001 91818
92001 92888
93001 94159
94001 93470
95001 96326
96001 97178
97001 99184
98001 100573
99001 87934
100001 86105
101001 86479
102001 88858
103001 87658
104001 89364
105001 90606
106001 92412
107001 91979
108001 94119
109001 95004
110001 95650
111001 96652
112001 97912
113001 92526
114001 92567
115001 94350
116001 95794
117001 96521
118001 96678
119001 119885
120001 116790
121001 111450
122001 100304
123001 101717
124001 102618
125001 102037
126001 103806
127001 115422
128001 113850
129001 114824
130001 116162
131001 116921
132001 117681
133001 118347
134001 118825
135001 120399
136001 122441
137001 120695
138001 123285
139001 125374
140001 125906
141001 126220
142001 127280
143001 128256
144001 129646
145001 133725
146001 121677
147001 123730
148001 124856
149001 124122
150001 125948
151001 127250
152001 128432
153001 128382
154001 129809
155001 131791
156001 132978
157001 131580
158001 133394
159001 134609
160001 144518
161001 136242
162001 135867
163001 138656
164001 139590
165001 138686
166001 140102
167001 141220
168001 143774
169001 144228
170001 144619
171001 145685
172001 145574
173001 145601
174001 148077
175001 150430
176001 150358
177001 150380
178001 153052
179001 151958
180001 154306
181001 154409
182001 155170
183001 159500
184001 160771
185001 159457
186001 161514
187001 162503
188001 164372
189001 155584
190001 164245
191001 165690
192001 167485
193001 175957
194001 174170
195001 170439
196001 167376
197001 168480
198001 169003
199001 171236
200001 171911
201001 172349
202001 171790
203001 175080
204001 175547
205001 175976
206001 175783
207001 178405
208001 178527
209001 181492
210001 181713
211001 181973
212001 181833
213001 183408
214001 184818
215001 184578
216001 188036
217001 186902
218001 188371
219001 188936
220001 190669
221001 189846
222001 191900
223001 194215
224001 194718
225001 195110
226001 195831
227001 198009
228001 197679
229001 198215
230001 199937
231001 201033
232001 203481
233001 202667
234001 205849
235001 205745
236001 207663
237001 208358
238001 210759
239001 213343
240001 210038
241001 211899
242001 212448
243001 212619
244001 215420
245001 216571
246001 215832
247001 217088
248001 218333
249001 219598
250001 223847
251001 220834
252001 222399
253001 222605
254001 223811
255001 225937
256001 226744
257001 226992
258001 228989
259001 228850
260001 229339
261001 233109
262001 232678
263001 232785
264001 319778
265001 446544
266001 444106
267001 444764
268001 447542
269001 449381
270001 259362
271001 257759
272001 260549
273001 244160
274001 244914
275001 246300
276001 247292
277001 247578
278001 246882
279001 247980
280001 261274
281001 251082
282001 250286
283001 263646
284001 255656
285001 255533
286001 256376
287001 257960
288001 259282
289001 258854
290001 260026
291001 262057
292001 263485
293001 272245
294001 271475
295001 265363
296001 267598
297001 276060
298001 277653
299001 279011
300001 279748
301001 280961
302001 281315
303001 272717
304001 277443
305001 278469
306001 276506
307001 277320
308001 279053
309001 281686
310001 280938
311001 281960
312001 282384
313001 282680
314001 284919
315001 286491
316001 290386
317001 296686
318001 288878
319001 296784
320001 290529
321001 318976
322001 301529
323001 294370
324001 294990
325001 296746
326001 297735
327001 305978
328001 298186
329001 300232
330001 300994
331001 302227
332001 301064
333001 302585
334001 304818
335001 305195
336001 307367
337001 306685
338001 312793
339001 308800
340001 311714
341001 313293
342001 311348
343001 313878
344001 313137
345001 314494
346001 318680
347001 315096
348001 336477
349001 327334
350001 317988
351001 319449
352001 331827
353001 324078
354001 324291
355001 326765
356001 326319
357001 326736
358001 336798
359001 328164
360001 329730
361001 328755
362001 328250
363001 330513
364001 330864
365001 331695
366001 331981
367001 332530
368001 339533
369001 334904
370001 336418
371001 338108
372001 368228
373001 355538
374001 363286
375001 341404
376001 351809
377001 349687
378001 346523
379001 348024
380001 348754
381001 352597
382001 351094
383001 352992
384001 353151
385001 351124
386001 353665
387001 353638
388001 353162
389001 355884
390001 354857
391001 357556
392001 358486
393001 356824
394001 358553
395001 360198
396001 360968
397001 379461
398001 372769
399001 1348180
400001 1398696
401001 1183049
402001 357497
403001 361243
404001 361927
405001 360573
406001 363557
407001 363562
408001 373402
409001 375840
410001 370943
411001 367443
412001 368547
413001 369019
414001 371883
415001 371365
416001 373048
417001 374371
418001 380125
419001 376208
420001 376984
421001 378005
422001 380524
423001 379972
424001 381459
425001 379837
426001 385494
427001 391362
428001 386111
429001 386195
430001 404260
431001 418563
432001 389645
433001 406754
434001 390200
435001 416049
436001 422167
437001 439228
438001 395101
439001 394399
440001 395858
441001 413359
442001 398624
443001 403322
444001 400251
445001 400790
446001 402647
447001 409413
448001 403323
449001 404985
450001 405835
451001 450492
452001 433692
453001 409185
454001 409171
455001 429138
456001 424826
457001 426106
458001 426611
459001 430676
460001 430352
461001 436985
462001 418391
463001 418588
464001 421038
465001 422656
466001 438925
467001 426357
468001 423679
469001 453807
470001 459945
471001 445074
472001 435561
473001 428238
474001 437145
475001 431171
476001 430120
477001 432811
478001 433612
479001 434140
480001 443715
481001 437104
482001 441229
483001 436315
484001 440625
485001 466700
486001 439799
487001 442513
488001 451700
489001 448431
490001 445606
491001 464720
492001 455040
493001 450289
494001 449271
495001 450499
496001 460561
497001 470660
498001 478229
499001 487502
