1 2178
1001 85140
2001 165699
3001 270223
4001 344358
5001 439177
6001 535004
7001 630573
8001 728026
9001 864482
10001 930130
11001 1029938
12001 1127781
13001 1285610
14001 1351624
15001 1445838
16001 1542096
17001 1712723
18001 1837435
19001 1881961
20001 1963569
21001 2137541
22001 2449511
23001 2728768
24001 2395300
25001 2491467
26001 2603567
27001 2892755
28001 3095153
29001 3023064
30001 3102221
31001 3227579
32001 3280878
33001 3355861
34001 3483517
35001 3594429
36001 3756932
37001 4272615
38001 3894151
39001 4055901
40001 4139751
41001 4431026
42001 4336195
43001 4487083
44001 4564052
45001 4691731
46001 4822163
47001 4889183
48001 5046926
49001 5179943
50001 5288280
51001 5365551
52001 5504186
53001 5580876
54001 5737050
55001 6048729
56001 6580460
57001 6554309
58001 6559955
59001 6713981
60001 6814808
61001 7081655
62001 7197788
63001 7240378
64001 7499959
65001 7614356
66001 7403083
67001 7265883
68001 7394757
69001 7556894
70001 7586369
71001 7647443
72001 7994008
73001 7944689
74001 8032448
75001 8378570
76001 8696597
77001 8632354
78001 9007299
79001 8869902
80001 9815496
81001 10090948
82001 8990231
83001 9464763
84001 9205964
85001 9296275
86001 9751355
87001 10882772
88001 10785673
89001 10860459
90001 10904464
91001 10065279
92001 10340511
93001 10302987
94001 10532808
95001 10495828
96001 10585845
97001 11487795
98001 11806666
99001 11158926
100001 11045280
101001 11411216
102001 11299047
103001 11460335
104001 11653554
105001 11675043
106001 11798637
107001 13026111
108001 12588048
109001 12342735
110001 12228918
111001 13414885
112001 12942038
113001 12615358
114001 12879289
115001 12893451
116001 13371347
117001 13170135
118001 13264789
119001 13878908
120001 13826129
121001 13735227
122001 13764734
123001 14191777
124001 13924326
125001 14811978
126001 14174331
127001 14422036
128001 14471737
129001 14840374
130001 15139633
131001 15127833
132001 14832089
133001 15002811
134001 15527371
135001 15303726
136001 16040993
137001 15445016
138001 15798431
139001 15766491
140001 15943727
141001 15945580
142001 16261371
143001 17309355
144001 16375949
145001 16500828
146001 24944105
147001 16652893
148001 17777096
149001 18730595
150001 18804333
151001 18858107
152001 17855893
153001 18060646
154001 18078851
155001 18197270
156001 18483434
157001 18476539
158001 18672517
159001 18852286
160001 18889092
161001 26726720
162001 18610035
163001 19222252
164001 18735447
165001 19096124
166001 19123890
167001 19117432
168001 20631680
169001 19714835
170001 19675501
171001 19734098
172001 19722531
173001 20087548
174001 21390289
175001 20640546
176001 20246078
177001 20590785
178001 20471717
179001 22255972
180001 23959216
181001 21363008
182001 21158403
183001 21271589
184001 22705376
185001 23499568
186001 22228071
187001 22828514
188001 22817307
189001 21900533
190001 22369965
191001 23228410
192001 22385427
193001 22407437
194001 23912699
195001 23641650
196001 23537922
197001 23244732
198001 23045852
199001 25629229
200001 23423614
201001 23469341
202001 23513637
203001 24883629
204001 25914893
205001 23869489
206001 24009667
207001 34092391
208001 24233135
209001 24309421
210001 24685862
211001 24548324
212001 24836881
213001 24865562
214001 25179446
215001 25187430
216001 26842648
217001 26306673
218001 26119091
219001 26025785
220001 28200203
221001 26172462
222001 26974877
223001 26288082
224001 26590471
225001 26904706
226001 26671903
227001 26520364
228001 27187354
229001 26895982
230001 27012086
231001 28702329
232001 28274513
233001 32745012
234001 27568674
235001 28761608
236001 27988210
237001 28233650
238001 28710522
239001 29264767
240001 28949961
241001 28678992
242001 28860549
243001 28815851
244001 30038488
245001 29288631
246001 30655131
247001 32951687
248001 29592983
249001 29634697
250001 29626887
251001 31967936
252001 32657289
253001 31367475
254001 31246442
255001 31795480
256001 31581430
257001 32172831
258001 31285797
259001 31126233
260001 33415928
261001 31702384
262001 31412138
263001 32930590
264001 31670170
265001 31708291
266001 34549940
267001 37102940
268001 31767591
269001 31938478
270001 32298348
271001 32142783
272001 32284862
273001 33166986
274001 32679009
275001 32862328
276001 32842911
277001 33631104
278001 33753984
279001 33471848
280001 33758237
281001 33596109
282001 34024366
283001 33806384
284001 34212541
285001 34205392
286001 34193686
287001 34642285
288001 37237469
289001 35860579
290001 34747890
291001 34830922
292001 34922301
293001 35179076
294001 35695911
295001 35223159
296001 35804176
297001 35665810
298001 35712988
299001 35739855
300001 37373436
301001 36771859
302001 37695005
303001 36265664
304001 36970364
305001 36644735
306001 37062754
307001 38126844
308001 37096065
309001 37270336
310001 37204161
311001 37392634
312001 37831690
313001 37534581
314001 41595752
315001 40338986
316001 39355544
317001 38685754
318001 38369492
319001 38562100
320001 38547805
321001 39215112
322001 38953665
323001 41171327
324001 40895841
325001 39225544
326001 39376701
327001 40084390
328001 39568795
329001 42330508
330001 39860673
331001 39980691
332001 40162658
333001 40205307
334001 40698494
335001 40845260
336001 40726854
337001 41577435
338001 41129153
339001 41189575
340001 41261511
341001 41302623
342001 41413032
343001 44952446
344001 41500263
345001 42046650
346001 41874503
347001 42339203
348001 42459897
349001 42906071
350001 42336857
351001 42540724
352001 42612935
353001 42716221
354001 44491425
355001 43118297
356001 43652164
357001 43086933
358001 43483974
359001 45428546
360001 44118546
361001 43582170
362001 43948120
363001 45238873
364001 44239242
365001 44189546
366001 44434515
367001 45287965
368001 45634126
369001 48022299
370001 44956693
371001 46050319
372001 45405795
373001 45878705
374001 45609659
375001 45840358
376001 47544021
377001 48331249
378001 48393778
379001 46883174
380001 51109341
381001 46727807
382001 46528718
383001 46900661
384001 46585940
385001 47013260
386001 46923565
387001 47427302
388001 47764611
389001 60179998
390001 47901299
391001 48820987
392001 48051455
393001 49496638
394001 48112497
395001 48954176
396001 48415663
397001 51210301
398001 49557602
399001 52491986
400001 50436585
401001 50732169
402001 51399710
403001 49504860
404001 51205234
405001 50468012
406001 50151137
407001 50129854
408001 51479275
409001 52617733
410001 50347174
411001 51671636
412001 50687496
413001 50852014
414001 51393247
415001 50849643
416001 52807270
417001 51816389
418001 52830913
419001 52843836
420001 52697756
421001 53581918
422001 54426138
423001 53788731
424001 54599577
425001 53212058
426001 52080483
427001 52799486
428001 52491891
429001 52542198
430001 52709847
431001 53711924
432001 52986183
433001 56608925
434001 55874461
435001 57652055
436001 55286323
437001 55708112
438001 54995910
439001 55151433
440001 53912535
441001 54966771
442001 54385486
443001 55880300
444001 54992360
445001 55554099
446001 55306572
447001 55324021
448001 58004858
449001 55035314
450001 55486994
451001 56430418
452001 60093769
453001 57397936
454001 57599062
455001 56911522
456001 56601449
457001 56282316
458001 58111806
459001 56458393
460001 56931846
461001 59690955
462001 56747944
463001 60304729
464001 58872493
465001 58882933
466001 58571678
467001 58804478
468001 58683371
469001 59585333
470001 59915293
471001 59702450
472001 60979833
473001 58248496
474001 59938238
475001 59127905
476001 59471794
477001 60415703
478001 59986451
479001 59111023
480001 61645286
481001 59885757
482001 66167601
483001 60068495
484001 60827471
485001 61497642
486001 61845349
487001 62034618
488001 60583664
489001 60503633
490001 60367448
491001 60282338
492001 60585567
493001 61386732
494001 60965148
495001 60964847
496001 61092450
497001 61150443
498001 61497998
499001 63815599
