1 1840
1001 3238
2001 4871
3001 6373
4001 8100
5001 10775
6001 12777
7001 15305
8001 17142
9001 20611
10001 22004
11001 24326
12001 25752
13001 28950
14001 30341
15001 32216
16001 34585
17001 39271
18001 41639
19001 43811
20001 43057
21001 46408
22001 47304
23001 49446
24001 52315
25001 51273
26001 63834
27001 59127
28001 59102
29001 63287
30001 65673
31001 65911
32001 69460
33001 71571
34001 73596
35001 71872
36001 75088
37001 77625
38001 79240
39001 79890
40001 81397
41001 81743
42001 84215
43001 88576
44001 87589
45001 110505
46001 107190
47001 111275
48001 113106
49001 112350
50001 114035
51001 114791
52001 117411
53001 116033
54001 120858
55001 123282
56001 124899
57001 132711
58001 128342
59001 131505
60001 135003
61001 139928
62001 152925
63001 144651
64001 145987
65001 155928
66001 149727
67001 153950
68001 1096069
69001 156197
70001 159239
71001 160481
72001 157437
73001 161551
74001 162006
75001 165528
76001 168310
77001 164520
78001 178407
79001 177090
80001 174445
81001 182775
82001 187701
83001 175216
84001 181320
85001 204903
86001 183306
87001 196046
88001 197625
89001 194990
90001 197810
91001 219837
92001 208729
93001 202241
94001 203360
95001 205540
96001 216349
97001 218273
98001 210725
99001 212975
100001 217231
101001 219575
102001 230135
103001 228600
104001 220402
105001 221749
106001 226198
107001 232685
108001 228786
109001 231147
110001 233416
111001 234948
112001 236485
113001 241189
114001 244348
115001 247051
116001 247282
117001 250256
118001 252951
119001 256628
120001 258966
121001 285127
122001 281405
123001 267695
124001 270856
125001 275365
126001 274182
127001 276244
128001 277309
129001 279310
130001 282751
131001 284484
132001 294701
133001 288620
134001 291857
135001 294450
136001 296075
137001 297116
138001 299848
139001 302018
140001 304564
141001 306267
142001 308980
143001 320482
144001 314723
145001 316270
146001 328308
147001 340688
148001 335671
149001 339824
150001 338811
151001 329771
152001 362997
153001 347039
154001 340757
155001 337916
156001 339535
157001 341458
158001 342993
159001 364341
160001 346502
161001 357022
162001 356135
163001 353967
164001 352873
165001 357884
166001 356293
167001 361103
168001 363312
169001 367398
170001 403317
171001 372942
172001 399463
173001 392303
174001 387117
175001 381019
176001 382347
177001 382110
178001 385899
179001 409019
180001 391783
181001 394372
182001 396623
183001 416294
184001 478131
185001 424835
186001 439211
187001 432560
188001 412631
189001 427497
190001 416904
191001 421329
192001 423641
193001 430693
194001 444466
195001 428240
196001 433759
197001 431726
198001 432854
199001 438021
200001 440329
201001 451394
202001 473024
203001 451442
204001 461662
205001 468904
206001 442877
207001 452351
208001 462436
209001 480477
210001 469863
211001 470621
212001 455524
213001 458101
214001 2238806
215001 486192
216001 486541
217001 479608
218001 478258
219001 483496
220001 515931
221001 502855
222001 477964
223001 481150
224001 510555
225001 485911
226001 499114
227001 493237
228001 494833
229001 499173
230001 498738
231001 502520
232001 504677
233001 521269
234001 510177
235001 512224
236001 514444
237001 514591
238001 518995
239001 519338
240001 544212
241001 534484
242001 529701
243001 551460
244001 539481
245001 529122
246001 546154
247001 537410
248001 559661
249001 540823
250001 544433
251001 542795
252001 553774
253001 550680
254001 548924
255001 552285
256001 588978
257001 557100
258001 579757
259001 556454
260001 553303
261001 553628
262001 562311
263001 567311
264001 603288
265001 576457
266001 602350
267001 653929
268001 603357
269001 656448
270001 603284
271001 598560
272001 599749
273001 604382
274001 609915
275001 658894
276001 604060
277001 604451
278001 612747
279001 600992
280001 603149
281001 623563
282001 614748
283001 616779
284001 616627
285001 647704
286001 633166
287001 623423
288001 623806
289001 621619
290001 680172
291001 699002
292001 657048
293001 641854
294001 639534
295001 2497940
296001 672693
297001 660924
298001 658858
299001 661014
300001 680104
301001 688069
302001 651163
303001 654651
304001 659769
305001 686166
306001 667684
307001 665517
308001 730559
309001 701141
310001 765350
311001 684249
312001 678169
313001 681014
314001 682542
315001 738352
316001 688405
317001 688171
318001 685245
319001 688926
320001 717118
321001 698929
322001 700033
323001 701471
324001 706529
325001 704467
326001 709828
327001 708068
328001 709918
329001 748508
330001 742844
331001 719995
332001 720151
333001 727129
334001 749112
335001 728977
336001 744847
337001 733597
338001 738189
339001 748268
340001 740850
341001 763099
342001 745610
343001 755412
344001 747102
345001 769937
346001 751124
347001 749196
348001 776727
349001 840001
350001 804646
351001 760365
352001 795099
353001 766982
354001 770507
355001 782625
356001 774054
357001 787227
358001 3311820
359001 2236770
360001 2226777
361001 2212977
362001 2221265
363001 1581039
364001 820109
365001 793166
366001 859802
367001 883553
368001 815892
369001 809186
370001 860281
371001 850990
372001 819044
373001 821989
374001 804554
375001 865543
376001 847158
377001 848043
378001 835053
379001 831551
380001 837442
381001 836903
382001 830796
383001 832576
384001 847214
385001 838514
386001 840552
387001 844764
388001 913763
389001 848018
390001 844455
391001 902567
392001 883542
393001 854459
394001 858654
395001 859258
396001 876878
397001 954136
398001 903242
399001 868346
400001 888614
401001 873060
402001 872892
403001 877582
404001 894574
405001 882077
406001 886880
407001 901889
408001 937757
409001 892074
410001 895841
411001 2488659
412001 922735
413001 909807
414001 964327
415001 961621
416001 896668
417001 903649
418001 923226
419001 913198
420001 915995
421001 919451
422001 1040563
423001 1033046
424001 956594
425001 938344
426001 942063
427001 927302
428001 932054
429001 944953
430001 935536
431001 986463
432001 943745
433001 943321
434001 954514
435001 947301
436001 955225
437001 1015310
438001 1018856
439001 955674
440001 1013555
441001 960530
442001 975738
443001 1029321
444001 982433
445001 965340
446001 969722
447001 983758
448001 975664
449001 996303
450001 992567
451001 985392
452001 1024836
453001 1060251
454001 1007259
455001 985147
456001 991276
457001 1054829
458001 4746463
459001 1025251
460001 1026371
461001 1054801
462001 1002108
463001 1084943
464001 1143410
465001 1034664
466001 1039831
467001 1097693
468001 1062491
469001 1024282
470001 1029927
471001 1129573
472001 1048735
473001 1022638
474001 1062102
475001 1081382
476001 1073737
477001 1123842
478001 1105455
479001 1064584
480001 1057651
481001 1074555
482001 1183932
483001 1093597
484001 1119896
485001 1143210
486001 1062933
487001 1059623
488001 1065756
489001 1067201
490001 1087149
491001 1187466
492001 1080739
493001 1073727
494001 1089540
495001 1100657
496001 1080362
497001 1081548
498001 1133348
499001 1085463
