1 285785
1001 49742
2001 116926
3001 135006
4001 208703
5001 214724
6001 272543
7001 297148
8001 335599
9001 381392
10001 424272
11001 489573
12001 507317
13001 542762
14001 588110
15001 631293
16001 698840
17001 755413
18001 750585
19001 837419
20001 54765
21001 62562
22001 65873
23001 65042
24001 72696
25001 73688
26001 88572
27001 78135
28001 78346
29001 88094
30001 84044
31001 90806
32001 87669
33001 89981
34001 94114
35001 98741
36001 101524
37001 105864
38001 110778
39001 111067
40001 113658
41001 114853
42001 120545
43001 126009
44001 140107
45001 140540
46001 139742
47001 141873
48001 141640
49001 145702
50001 158449
51001 158554
52001 156164
53001 159917
54001 161947
55001 162456
56001 166612
57001 169029
58001 3801741
59001 106005
60001 124129
61001 118885
62001 119007
63001 119293
64001 123795
65001 128891
66001 134690
67001 136461
68001 147347
69001 141200
70001 145828
71001 148572
72001 149259
73001 157281
74001 164484
75001 161254
76001 163881
77001 163608
78001 189049
79001 213477
80001 474000
81001 490958
82001 484839
83001 490672
84001 497919
85001 501673
86001 509635
87001 3736124
88001 419144
89001 171960
90001 184484
91001 181023
92001 182455
93001 189022
94001 186892
95001 189010
96001 190382
97001 197236
98001 196829
99001 200025
100001 210733
101001 211644
102001 229670
103001 228971
104001 213259
105001 217942
106001 220775
107001 222629
108001 223951
109001 260035
110001 235682
111001 251415
112001 320158
113001 322132
114001 325390
115001 347585
116001 332331
117001 330761
118001 336415
119001 339666
120001 342421
121001 345987
122001 344398
123001 349880
124001 360544
125001 358217
126001 359897
127001 361911
128001 3622450
129001 267384
130001 259981
131001 259118
132001 262322
133001 263977
134001 265379
135001 272602
136001 275411
137001 322156
138001 308526
139001 320208
140001 321892
141001 326372
142001 331525
143001 332222
144001 334794
145001 339956
146001 349605
147001 339338
148001 323982
149001 327429
150001 328989
151001 338426
152001 320164
153001 320226
154001 325468
155001 327291
156001 328018
157001 362765
158001 395677
159001 5152723
160001 935075
161001 929868
162001 940622
163001 947518
164001 972149
165001 975256
166001 1001916
167001 986592
168001 427251
169001 353541
170001 359623
171001 361005
172001 364467
173001 369038
174001 371312
175001 408927
176001 377331
177001 402685
178001 389288
179001 399399
180001 385902
181001 385359
182001 388561
183001 390144
184001 392603
185001 418125
186001 453923
187001 508164
188001 562150
189001 587084
190001 584255
191001 568266
192001 579971
193001 600908
194001 560287
195001 563038
196001 556014
197001 555792
198001 563674
199001 560468
200001 564983
201001 572260
202001 580952
203001 583346
204001 591822
205001 588738
206001 594701
207001 3718015
208001 397541
209001 390869
210001 418595
211001 426034
212001 451666
213001 448404
214001 464825
215001 468191
216001 477743
217001 460295
218001 460948
219001 466523
220001 478363
221001 473151
222001 473826
223001 477517
224001 479566
225001 482041
226001 518758
227001 565099
228001 535212
229001 487844
230001 486007
231001 487322
232001 492875
233001 494969
234001 509439
235001 502127
236001 504541
237001 584043
238001 552667
239001 509085
240001 522759
241001 514665
242001 515276
243001 518837
244001 520728
245001 576697
246001 3601355
247001 506845
248001 487781
249001 503622
250001 511416
251001 530755
252001 545613
253001 539537
254001 556446
255001 565032
256001 545865
257001 548081
258001 550658
259001 571227
260001 577080
261001 579938
262001 579723
263001 590397
264001 575538
265001 558790
266001 561559
267001 566879
268001 579036
269001 572443
270001 577349
271001 577988
272001 590746
273001 583648
274001 624704
275001 602701
276001 597428
277001 593852
278001 594446
279001 741221
280001 679879
281001 680802
282001 842977
283001 821099
284001 828523
285001 843366
286001 808152
287001 809955
288001 824739
289001 818693
290001 830299
291001 826182
292001 827893
293001 852592
294001 854362
295001 875474
296001 872276
297001 883500
298001 854543
299001 837182
300001 846330
301001 963327
302001 898699
303001 874287
304001 872179
305001 894977
306001 874941
307001 876214
308001 882021
309001 891521
310001 4137893
311001 633109
312001 625906
313001 641601
314001 665400
315001 728487
316001 680842
317001 684269
318001 686382
319001 702230
320001 724839
321001 694385
322001 685977
323001 689701
324001 692129
325001 706580
326001 695569
327001 696021
328001 699503
329001 700631
330001 723587
331001 704505
332001 704663
333001 709132
334001 709874
335001 724563
336001 716716
337001 732989
338001 806492
339001 736850
340001 731129
341001 725608
342001 728134
343001 730251
344001 760365
345001 812286
346001 793453
347001 753080
348001 760221
349001 762257
350001 781795
351001 744951
352001 782025
353001 745640
354001 762453
355001 753654
356001 758886
357001 845164
358001 762525
359001 782190
360001 768012
361001 765608
362001 821873
363001 3331690
364001 793728
365001 786256
366001 792178
367001 807702
368001 789228
369001 841119
370001 898787
371001 790483
372001 788882
373001 811266
374001 819692
375001 833516
376001 799606
377001 795130
378001 806175
379001 800686
380001 805118
381001 809385
382001 813131
383001 916204
384001 874347
385001 823102
386001 800360
387001 824244
388001 821871
389001 825365
390001 822929
391001 849305
392001 852862
393001 857086
394001 840104
395001 849625
396001 878207
397001 843214
398001 845641
399001 847048
400001 860350
401001 856195
402001 854372
403001 890587
404001 966677
405001 854464
406001 857940
407001 861506
408001 916515
409001 1163004
410001 1042972
411001 1231294
412001 1179639
413001 1272725
414001 1205932
415001 4850832
416001 2517191
417001 2446872
418001 2478473
419001 2401081
420001 861690
421001 885685
422001 922858
423001 905175
424001 893183
425001 891265
426001 893628
427001 911620
428001 903309
429001 1024287
430001 1008267
431001 945539
432001 943574
433001 905795
434001 907341
435001 924918
436001 953411
437001 1020786
438001 992839
439001 950017
440001 1066745
441001 935129
442001 928472
443001 929111
444001 945264
445001 967255
446001 954983
447001 937852
448001 940031
449001 944434
450001 984956
451001 1005134
452001 1039095
453001 976632
454001 990146
455001 951838
456001 956710
457001 963611
458001 963494
459001 967348
460001 1008527
461001 1324640
462001 1007880
463001 1011602
464001 1000289
465001 1025541
466001 991980
467001 976595
468001 983443
469001 991049
470001 1003319
471001 991415
472001 997175
473001 1015109
474001 1111502
475001 1008269
476001 1000184
477001 1013337
478001 1005240
479001 1008984
480001 1012286
481001 1026524
482001 1015110
483001 1015968
484001 1064210
485001 1070735
486001 1023205
487001 1019216
488001 1087668
489001 1055716
490001 1031590
491001 1043106
492001 1035742
493001 1058162
494001 1042268
495001 1080819
496001 1049476
497001 1043444
498001 1096646
499001 1051529
