1 2843
1001 7895
2001 14748
3001 21800
4001 29895
5001 36317
6001 43661
7001 50656
8001 65994
9001 73515
10001 81480
11001 82408
12001 114115
13001 96572
14001 104605
15001 110457
16001 118948
17001 125352
18001 133387
19001 139892
20001 148277
21001 155443
22001 163789
23001 171035
24001 177776
25001 217138
26001 195420
27001 201623
28001 203058
29001 210314
30001 216879
31001 257822
32001 231327
33001 239537
34001 277340
35001 253289
36001 260712
37001 267811
38001 274864
39001 284230
40001 289102
41001 451257
42001 402926
43001 326018
44001 326195
45001 1163988
46001 1253622
47001 1214929
48001 1239334
49001 1315782
50001 360976
51001 369293
52001 376736
53001 435415
54001 460271
55001 399494
56001 405256
57001 413652
58001 422120
59001 440566
60001 436810
61001 444653
62001 449763
63001 458443
64001 501896
65001 473069
66001 491229
67001 500050
68001 542547
69001 521627
70001 509681
71001 538162
72001 554156
73001 530412
74001 537404
75001 545050
76001 587046
77001 576866
78001 584105
79001 572776
80001 581144
81001 592526
82001 598155
83001 618563
84001 612223
85001 617540
86001 651146
87001 661804
88001 680555
89001 646023
90001 652643
91001 660531
92001 710517
93001 689614
94001 2098621
95001 767287
96001 751534
97001 737780
98001 754318
99001 717452
100001 733299
101001 735330
102001 744106
103001 766701
104001 846814
105001 762241
106001 767045
107001 776000
108001 786301
109001 839303
110001 819514
111001 886370
112001 946667
113001 966571
114001 843304
115001 835276
116001 914986
117001 849765
118001 883854
119001 888957
120001 898088
121001 878413
122001 883697
123001 972493
124001 899928
125001 933821
126001 1014866
127001 1010432
128001 995879
129001 966185
130001 1002677
131001 962812
132001 957134
133001 1017834
134001 970442
135001 992092
136001 990720
137001 1079151
138001 1002031
139001 1048342
140001 1016777
141001 1025932
142001 1049726
143001 1040511
144001 1135619
145001 1071462
146001 1057763
147001 1065979
148001 1075304
149001 1085220
150001 1088993
151001 3942095
152001 1095772
153001 1127197
154001 1114804
155001 1155148
156001 1152021
157001 1163100
158001 1180911
159001 1241214
160001 1169621
161001 1263010
162001 1287027
163001 1187927
164001 1203130
165001 1223158
166001 1261780
167001 1212387
168001 1220771
169001 1229046
170001 1235738
171001 1258168
172001 3444125
173001 1364539
174001 1262461
175001 1279789
176001 1280030
177001 1318352
178001 1313657
179001 1302917
180001 1318917
181001 1315381
182001 1339556
183001 1343237
184001 1371299
185001 1346044
186001 1351408
187001 1358467
188001 1384459
189001 1392186
190001 1501121
191001 5810149
192001 3317296
193001 1415717
194001 1569155
195001 1565337
196001 1576134
197001 1644856
198001 1479454
199001 1509804
200001 1530495
201001 1600967
202001 1514778
203001 1530796
204001 1687270
205001 1570119
206001 1574224
207001 1512843
208001 1551357
209001 1659664
210001 1549097
211001 1612720
212001 1608220
213001 1563278
214001 1554329
215001 1598043
216001 1646063
217001 1577418
218001 1585362
219001 1604411
220001 1646606
221001 1604850
222001 1633154
223001 1630033
224001 1697470
225001 5193787
226001 1645655
227001 1660158
228001 1683467
229001 1710540
230001 1680300
231001 1683503
232001 1691055
233001 1698382
234001 1778542
235001 1747089
236001 1713598
237001 1719821
238001 1736083
239001 1769303
240001 6233610
241001 1805056
242001 1812187
243001 1849720
244001 1850638
245001 1870619
246001 1883190
247001 1862472
248001 1855872
249001 1892060
250001 1814438
251001 1875942
252001 1935776
253001 1908354
254001 2005853
255001 2069510
256001 1900263
257001 1951650
258001 1930646
259001 1902558
260001 2106655
261001 1950447
262001 1910212
263001 1913962
264001 1960324
265001 2061135
266001 2033070
267001 2133599
268001 1994424
269001 2018861
270001 2013964
271001 2028786
272001 2097209
273001 2175834
274001 2108763
275001 2000760
276001 2082776
277001 2105172
278001 2143775
279001 2118058
280001 2234714
281001 2228858
282001 2205742
283001 2425860
284001 2353597
285001 2448556
286001 2088666
287001 2175696
288001 2099965
289001 2178453
290001 2154910
291001 2128625
292001 2320511
293001 2160298
294001 2207021
295001 2266378
296001 2259872
297001 2219074
298001 2230041
299001 2200012
300001 2302716
301001 2250238
302001 2253249
303001 2289906
304001 7940409
305001 2222523
306001 2351623
307001 2250775
308001 2265265
309001 2268280
310001 2306336
311001 2391048
312001 2391005
313001 2310941
314001 2325316
315001 2512957
316001 2434926
317001 2339609
318001 2343212
319001 2433129
320001 2339987
321001 2406582
322001 2408100
323001 2533669
324001 2378822
325001 2394303
326001 2668189
327001 2799509
328001 2577762
329001 2509452
330001 2553807
331001 2417822
332001 2419279
333001 2507230
334001 2461232
335001 2518070
336001 2732642
337001 2723257
338001 2483335
339001 2579029
340001 2626108
341001 2510109
342001 2530100
343001 2507104
344001 2891937
345001 2570118
346001 2717319
347001 2852030
348001 2566229
349001 2734441
350001 2909371
351001 2582573
352001 2711543
353001 2625286
354001 2699968
355001 2728000
356001 2784307
357001 2860905
358001 2727946
359001 2785105
360001 2628118
361001 2763465
362001 2661010
363001 2779191
364001 3060625
365001 2712992
366001 2967962
367001 3122353
368001 3121536
369001 3124245
370001 3155506
371001 2955620
372001 2893811
373001 2931097
374001 2948682
375001 2765006
376001 3009807
377001 2794818
378001 2839415
379001 2838443
380001 2839485
381001 3294863
382001 2897427
383001 2815709
384001 2904860
385001 5725390
386001 2957919
387001 2845574
388001 2948630
389001 2854835
390001 3041642
391001 2969390
392001 3010098
393001 2957490
394001 5964462
395001 2884972
396001 3079534
397001 3010119
398001 2989466
399001 3147700
400001 2983045
401001 2951691
402001 3177692
403001 3193286
404001 3045907
405001 2997234
406001 3085288
407001 3116162
408001 3115157
409001 3011997
410001 3501719
411001 3307084
412001 9304188
413001 3074155
414001 3207844
415001 3070128
416001 3114239
417001 3112386
418001 3134803
419001 3265595
420001 3338074
421001 3096900
422001 3197905
423001 3164197
424001 3185585
425001 3199214
426001 3287714
427001 3314294
428001 3393243
429001 3168909
430001 3454328
431001 3161076
432001 3264887
433001 3166421
434001 3241724
435001 3386837
436001 5778028
437001 3405538
438001 3317079
439001 3256016
440001 3416031
441001 3244822
442001 3305016
443001 3322164
444001 3511398
445001 3551939
446001 3564287
447001 3355654
448001 3480117
449001 3372006
450001 3433919
451001 3318302
452001 3608378
453001 3518659
454001 3472177
455001 3519039
456001 3462599
457001 3396688
458001 3541360
459001 3402245
460001 3683486
461001 3910375
462001 3446718
463001 4052908
464001 3474657
465001 3528736
466001 3509033
467001 3803835
468001 3458317
469001 3605262
470001 3584398
471001 3640668
472001 3501383
473001 3608892
474001 5628675
475001 4103643
476001 3846525
477001 3637334
478001 3530264
479001 3685488
480001 3578678
481001 3882446
482001 3733316
483001 3840150
484001 3694631
485001 3659811
486001 3586910
487001 3690943
488001 3695181
489001 3818985
490001 3993415
491001 3724881
492001 3771684
493001 3669791
494001 3744058
495001 3759145
496001 3721262
497001 3769446
498001 3683225
499001 3724317
