1 3995
1001 12705
2001 9682
3001 15339
4001 31714
5001 49614
6001 145937
7001 91584
8001 132465
9001 186691
10001 247273
11001 300653
12001 299066
13001 38553
14001 92640
15001 49674
16001 54983
17001 62449
18001 67604
19001 80160
20001 85478
21001 98630
22001 100554
23001 106588
24001 116087
25001 129536
26001 134804
27001 139379
28001 159053
29001 176285
30001 182418
31001 191199
32001 193058
33001 216358
34001 217433
35001 227110
36001 249538
37001 258619
38001 282805
39001 292200
40001 312742
41001 372742
42001 332242
43001 364433
44001 352568
45001 412824
46001 490208
47001 449861
48001 484783
49001 508168
50001 497095
51001 548263
52001 552296
53001 571222
54001 584271
55001 609800
56001 648988
57001 650410
58001 642318
59001 704919
60001 693214
61001 746072
62001 710442
63001 757033
64001 786356
65001 839417
66001 830939
67001 863849
68001 850683
69001 879473
70001 911848
71001 934459
72001 979222
73001 1135171
74001 1004164
75001 1052183
76001 1060641
77001 1066745
78001 1136579
79001 1164153
80001 1367625
81001 1167144
82001 1263069
83001 1240393
84001 1303988
85001 1305547
86001 1339237
87001 1378285
88001 1430400
89001 1409496
90001 1461914
91001 1489653
92001 1535328
93001 1601335
94001 1690825
95001 1689993
96001 1705134
97001 1667169
98001 1703806
99001 1813545
100001 1889523
101001 2020209
102001 2064280
103001 1918631
104001 1967294
105001 1984570
106001 2061232
107001 2103139
108001 2149618
109001 2161807
110001 2208201
111001 2257653
112001 2295032
113001 2316613
114001 2417050
115001 2386008
116001 2531624
117001 2434880
118001 2505480
119001 2612973
120001 2654796
121001 2649527
122001 2677275
123001 2783472
124001 2780962
125001 2797758
126001 2849618
127001 2873144
128001 3066823
129001 3178764
130001 3173632
131001 3176967
132001 3164592
133001 3111186
134001 3238590
135001 3356978
136001 3448665
137001 3504110
138001 3432736
139001 4003558
140001 3503660
141001 3494043
142001 3623897
143001 3792947
144001 4003736
145001 4099506
146001 3951535
147001 3915398
148001 4082907
149001 4156121
150001 4330337
151001 4266734
152001 4260855
153001 4304166
154001 4367839
155001 4254801
156001 4396000
157001 4442534
158001 4454559
159001 4501024
160001 4827262
161001 4604286
162001 4730825
163001 4784867
164001 4846861
165001 4888503
166001 4986501
167001 4983579
168001 5014017
169001 5057752
170001 5443199
171001 5261137
172001 5481586
173001 5686675
174001 5715410
175001 5617119
176001 5758894
177001 6730309
178001 5731033
179001 5847520
180001 5844732
181001 5904511
182001 5930525
183001 5996373
184001 6014308
185001 6111839
186001 6237290
187001 6479202
188001 6573104
189001 6692795
190001 6794173
191001 6739262
192001 7086189
193001 6958991
194001 11406025
195001 8631756
196001 7427449
197001 6938125
198001 7040729
199001 7012019
200001 7061282
201001 7156428
202001 7267752
203001 7375012
204001 7433854
205001 7620910
206001 7682532
207001 7641600
208001 7702363
209001 7871768
210001 7809723
211001 7776665
212001 8364329
213001 8383164
214001 8578315
215001 8714291
216001 8582341
217001 8454814
218001 8496291
219001 8620617
220001 8759721
221001 8722935
222001 9045272
223001 8958723
224001 9141991
225001 9103938
226001 9096850
227001 9220323
228001 9239633
229001 9367220
230001 9565131
231001 9346231
232001 9514800
233001 9524313
234001 9818251
235001 10360992
236001 10364467
237001 10473651
238001 10460098
239001 10519648
240001 10308415
241001 10323889
242001 10480071
243001 10390496
244001 11281077
245001 11058250
246001 11428286
247001 10876505
248001 11005593
249001 11235611
250001 11134913
251001 11289925
252001 11581599
253001 11933185
254001 11782585
255001 11483983
256001 11712305
257001 11759049
258001 11830836
259001 12014342
260001 11961392
261001 12499255
262001 12534178
263001 12664802
264001 12384985
265001 12577089
266001 12649065
267001 12765055
268001 13096412
269001 13490533
270001 13083776
271001 13294599
272001 13106029
273001 13368252
274001 13087480
275001 13263045
276001 13705505
277001 14155914
278001 14507762
279001 14021264
280001 14157139
281001 14182773
282001 14166924
283001 14544015
284001 14897753
285001 15498497
286001 15354982
287001 14876139
288001 14905983
289001 14998143
290001 15781043
291001 15647160
292001 15101356
293001 15083762
294001 15266183
295001 15621119
296001 15567369
297001 16250070
298001 16410658
299001 16083579
300001 15762172
301001 16013708
302001 16452709
303001 17074161
304001 16755261
305001 16415897
306001 16652527
307001 16741480
308001 17049476
309001 17447814
310001 17542450
311001 17363496
312001 17423809
313001 17558457
314001 18113253
315001 17800550
316001 17659885
317001 18011517
318001 17777721
319001 18205049
320001 18603034
321001 18495449
322001 18273290
323001 18361660
324001 18798988
325001 18957836
326001 19346403
327001 19706170
328001 19000213
329001 19262827
330001 19577250
331001 20017530
332001 19838827
333001 19885667
334001 19816757
335001 19969676
336001 20657650
337001 21034479
338001 21287352
339001 20745210
340001 20966275
341001 20998523
342001 20832218
343001 21099606
344001 21037686
345001 21537350
346001 21882991
347001 21546252
348001 21927545
349001 21744849
350001 21635148
351001 22641960
352001 22292566
353001 22040781
354001 22474739
355001 22919058
356001 23322763
357001 23355762
358001 22907122
359001 23494709
360001 24549529
361001 23403891
362001 23406983
363001 23721804
364001 23542383
365001 23664803
366001 24951923
367001 24782037
368001 24094075
369001 40299947
370001 25967695
371001 24662427
372001 24718142
373001 25152002
374001 24280256
375001 25414354
376001 26611166
377001 26445784
378001 25579952
379001 25576099
380001 25630760
381001 25989609
382001 26233519
383001 25974553
384001 26215788
385001 26540703
386001 26545673
387001 26958998
388001 26721381
389001 26739641
390001 27066134
391001 26912983
392001 27760262
393001 27307197
394001 27485808
395001 27907052
396001 27973055
397001 28017575
398001 28399375
399001 28928073
400001 28330187
401001 28866121
402001 28889729
403001 28857476
404001 29301028
405001 29741478
406001 29475949
407001 29411623
408001 30153020
409001 29858445
410001 29644245
411001 30325573
412001 30275424
413001 31529437
414001 32106022
415001 31650909
416001 30652084
417001 30866028
418001 31281803
419001 31249658
420001 31239576
421001 31545901
422001 32083536
423001 31751529
424001 31899971
425001 32360682
426001 32921944
427001 33424423
428001 32650580
429001 33161208
430001 32825177
431001 33122599
432001 33336720
433001 34235363
434001 35677787
435001 34231226
436001 34005255
437001 34059100
438001 34280347
439001 34145365
440001 34581527
441001 35031657
442001 35365538
443001 35138059
444001 34939330
445001 35208856
446001 35440668
447001 35493187
448001 36491340
449001 37251587
450001 35958950
451001 36496614
452001 36591090
453001 36006148
454001 36652763
455001 37899246
456001 37593157
457001 37158560
458001 37376038
459001 37463482
460001 38094995
461001 38964397
462001 40634633
463001 38470507
464001 38083223
465001 38548692
466001 38560568
467001 39007976
468001 39477013
469001 39216570
470001 39179834
471001 39529179
472001 39609949
473001 39984730
474001 43332775
475001 48960883
476001 41469579
477001 42119487
478001 42302884
479001 42264061
480001 42671012
481001 42120996
482001 53828552
483001 41719822
484001 41536926
485001 42254893
486001 44193216
487001 43610894
488001 43789975
489001 43719750
490001 43651902
491001 44544730
492001 43557245
493001 43257261
494001 44030494
495001 43243072
496001 43912644
497001 45651939
498001 45266326
499001 44547373
