1 721534
1001 500357
2001 201122
3001 308319
4001 425872
5001 550495
6001 731320
7001 813672
8001 1014708
9001 1102270
10001 1247607
11001 1060459
12001 987992
13001 995338
14001 1064880
15001 1208374
16001 1251499
17001 1265907
18001 1361105
19001 1384993
20001 1416624
21001 1543693
22001 1633424
23001 1684597
24001 1845268
25001 1300800
26001 1121939
27001 1113609
28001 1141643
29001 1060559
30001 1088833
31001 1062338
32001 992542
33001 881593
34001 438358
35001 430559
36001 450429
37001 445729
38001 503795
39001 467772
40001 483094
41001 478650
42001 491848
43001 504910
44001 557949
45001 597243
46001 594655
47001 620737
48001 511174
49001 542835
50001 680106
51001 571983
52001 469568
53001 473246
54001 489424
55001 506317
56001 474859
57001 435023
58001 455038
59001 473426
60001 463641
61001 480143
62001 460350
63001 488250
64001 488181
65001 504678
66001 390086
67001 388716
68001 405766
69001 413133
70001 463644
71001 437502
72001 449883
73001 459216
74001 488099
75001 488490
76001 497258
77001 517999
78001 522739
79001 536043
80001 546947
81001 564310
82001 566719
83001 586996
84001 586252
85001 591301
86001 618005
87001 669688
88001 666755
89001 679604
90001 712379
91001 703516
92001 719653
93001 698922
94001 737698
95001 731486
96001 879550
97001 795989
98001 840065
99001 843137
100001 867056
101001 869541
102001 840481
103001 852950
104001 867114
105001 879645
106001 950370
107001 917027
108001 929086
109001 949022
110001 969461
111001 1008365
112001 1077390
113001 1088817
114001 1067363
115001 1055494
116001 1071342
117001 1084976
118001 1107138
119001 1123527
120001 1161750
121001 1186997
122001 1242415
123001 1221992
124001 1239408
125001 1257003
126001 1257695
127001 1318971
128001 1363226
129001 1374704
130001 1386830
131001 1318940
132001 1332887
133001 1333778
134001 1342477
135001 1361065
136001 1415223
137001 1412018
138001 1505442
139001 1441787
140001 1486089
141001 1481494
142001 1555375
143001 1584049
144001 1600986
145001 1617976
146001 1638937
147001 1611868
148001 1630061
149001 1662654
150001 1679829
151001 1704061
152001 1733690
153001 1737866
154001 1806379
155001 1978216
156001 2000558
157001 2018241
158001 2040795
159001 2070297
160001 2114984
161001 2128024
162001 2092418
163001 2036178
164001 2053293
165001 2120605
166001 2108833
167001 2131037
168001 2170963
169001 2194959
170001 2302177
171001 2235963
172001 2257027
173001 2320710
174001 2346247
175001 2375134
176001 2422148
177001 2438585
178001 2497700
179001 2448130
180001 2493833
181001 2502955
182001 2572331
183001 2556456
184001 2597261
185001 2651450
186001 2788305
187001 2674703
188001 2750260
189001 2740173
190001 2785980
191001 2785932
192001 2845206
193001 2853392
194001 2994458
195001 2932868
196001 2999311
197001 2991696
198001 2999364
199001 3099886
200001 5292733
201001 3161410
202001 3146468
203001 3060320
204001 3249756
205001 3147107
206001 3157100
207001 3166820
208001 3216003
209001 3246867
210001 3427033
211001 3383974
212001 3323626
213001 3397373
214001 3420548
215001 3621006
216001 3510644
217001 3550550
218001 3650190
219001 3542253
220001 3636248
221001 3728423
222001 3634685
223001 3708456
224001 3746838
225001 3734962
226001 3921578
227001 3842913
228001 3835006
229001 3901270
230001 3906066
231001 4024089
232001 4097397
233001 4097115
234001 4225223
235001 4110601
236001 4128837
237001 4163470
238001 4212627
239001 4224961
240001 4246729
241001 4339062
242001 4318138
243001 4367448
244001 4409879
245001 4425597
246001 4461184
247001 4594681
248001 4581639
249001 4591256
250001 4637477
251001 4650202
252001 4697026
253001 4734356
254001 7274636
255001 5002733
256001 4868901
257001 4879570
258001 5109786
259001 5081207
260001 5140046
261001 5083521
262001 5072142
263001 5112672
264001 5172232
265001 5192841
266001 5424362
267001 5293140
268001 5356687
269001 5344137
270001 5388288
271001 5474629
272001 5589507
273001 5601132
274001 5737440
275001 5587822
276001 5644147
277001 5686573
278001 5779245
279001 5772389
280001 5790131
281001 5824043
282001 5902685
283001 5907650
284001 6044859
285001 6033245
286001 6056859
287001 6060575
288001 6346553
289001 6161932
290001 6529448
291001 6539721
292001 6463176
293001 6423252
294001 6561002
295001 6440276
296001 6492607
297001 6522296
298001 6810162
299001 14801692
300001 6616543
301001 6730910
302001 6770077
303001 6806237
304001 6961101
305001 7071843
306001 7156572
307001 6983383
308001 7030132
309001 7052079
310001 7115524
311001 7181447
312001 7192095
313001 7278150
314001 7516222
315001 7500702
316001 7492160
317001 7602686
318001 7466029
319001 7615447
320001 7625179
321001 7783905
322001 8610676
323001 7695628
324001 7777918
325001 7798515
326001 7842996
327001 8575676
328001 8237986
329001 8041783
330001 8083837
331001 8437138
332001 8157817
333001 8200715
334001 8320083
335001 8341122
336001 8287796
337001 9380530
338001 18161367
339001 8765980
340001 8809816
341001 8720670
342001 8680554
343001 8766508
344001 8816438
345001 8846160
346001 9225067
347001 8854368
348001 9673190
349001 9266488
350001 9336183
351001 9386503
352001 9446412
353001 9761026
354001 9593056
355001 9690162
356001 9645759
357001 9674721
358001 9799428
359001 10173250
360001 9834343
361001 10059991
362001 10302430
363001 10010692
364001 10143926
365001 10188026
366001 10221758
367001 10305810
368001 10347426
369001 10420835
370001 10797687
371001 10683280
372001 10681552
373001 10766739
374001 10337498
375001 10433027
376001 10483926
377001 10568751
378001 10881198
379001 10928994
380001 10829766
381001 10684661
382001 10849903
383001 11520612
384001 11389031
385001 11164743
386001 11481106
387001 11027514
388001 11071502
389001 11172045
390001 11371046
391001 11324947
392001 11346215
393001 11390489
394001 11898620
395001 11489184
396001 11646117
397001 11604824
398001 11709415
399001 11935249
400001 11850552
401001 11899836
402001 12497551
403001 12005910
404001 12018399
405001 12129542
406001 12184766
407001 12298790
408001 12296660
409001 12315102
410001 12433431
411001 12726325
412001 12833931
413001 13171772
414001 12851497
415001 12799502
416001 13097736
417001 12919924
418001 13443588
419001 13039170
420001 13104031
421001 13175288
422001 13275953
423001 13387470
424001 13328639
425001 13403828
426001 14058678
427001 13612918
428001 13846547
429001 13801873
430001 13733084
431001 13872727
432001 13963598
433001 14193103
434001 17338055
435001 15612403
436001 14436089
437001 14501244
438001 14652451
439001 14737138
440001 14480601
441001 14314331
442001 15004765
443001 14508164
444001 14675120
445001 14569126
446001 15042103
447001 14980971
448001 14945418
449001 15071600
450001 15444743
451001 14991790
452001 15215032
453001 15108851
454001 15137015
455001 15386363
456001 15367714
457001 15395236
458001 15972947
459001 15503444
460001 15619520
461001 15781444
462001 15782251
463001 15899087
464001 15885186
465001 15904750
466001 16531849
467001 16652549
468001 16471070
469001 16201781
470001 16298859
471001 16319584
472001 16579183
473001 16435241
474001 16558609
475001 16659796
476001 16784511
477001 16715099
478001 16816746
479001 17074913
480001 17016503
481001 16985306
482001 17890196
483001 17168982
484001 17298839
485001 17392273
486001 17368349
487001 19834634
488001 20030976
489001 17613666
490001 17773571
491001 17910944
492001 26921064
493001 21451358
494001 19076736
495001 19072236
496001 18806487
497001 18964492
498001 18982264
499001 19147162
