1 3864
1001 1639
2001 2511
3001 3885
4001 6133
5001 16704
6001 12228
7001 23977
8001 32192
9001 33123
10001 31120
11001 37041
12001 46803
13001 57222
14001 58933
15001 67362
16001 75822
17001 92043
18001 103990
19001 109480
20001 117414
21001 130483
22001 142052
23001 217958
24001 269964
25001 212154
26001 231106
27001 211836
28001 232271
29001 243979
30001 268204
31001 283512
32001 559665
33001 584198
34001 605146
35001 416461
36001 402186
37001 421670
38001 444853
39001 719359
40001 840028
41001 696513
42001 534003
43001 557510
44001 1005841
45001 911584
46001 878883
47001 636948
48001 663277
49001 1124453
50001 960030
51001 770536
52001 1010668
53001 1263667
54001 859938
55001 1144416
56001 1302551
57001 1253924
58001 1102379
59001 1165102
60001 1197000
61001 1079620
62001 1250412
63001 1277349
64001 1266580
65001 1350960
66001 1404410
67001 1415025
68001 1481196
69001 1506261
70001 1580384
71001 1659669
72001 1642802
73001 1765850
74001 2410637
75001 2006867
76001 2233419
77001 2691718
78001 2081252
79001 3019262
80001 1996335
81001 2449119
82001 2706763
83001 2577520
84001 2327275
85001 2798660
86001 2785645
87001 2505791
88001 2660269
89001 3124510
90001 3410197
91001 3619383
92001 3329746
93001 3106055
94001 3255305
95001 3044978
96001 2899107
97001 2881479
98001 3692869
99001 3600334
100001 3835429
101001 3864414
102001 3950209
103001 3917812
104001 4293788
105001 4310372
106001 4402927
107001 4491648
108001 4362492
109001 4488679
110001 4767236
111001 4726339
112001 4902547
113001 4781794
114001 4130731
115001 4176290
116001 4205085
117001 4371317
118001 4413074
119001 4497002
120001 4487105
121001 4600812
122001 4673501
123001 4724923
124001 4807033
125001 4710856
126001 4752698
127001 4953954
128001 5050472
129001 4827182
130001 4842606
131001 4931774
132001 4932106
133001 5150595
134001 5191057
135001 5281262
136001 5389823
137001 5373691
138001 5481763
139001 5475523
140001 5533464
141001 5646926
142001 5786286
143001 5801771
144001 5906172
145001 5877585
146001 6013871
147001 6142058
148001 6271427
149001 6325792
150001 6331148
151001 6504354
152001 6629441
153001 6595040
154001 6746997
155001 6798115
156001 6828588
157001 6992452
158001 7035755
159001 7181858
160001 7179834
161001 7324981
162001 7534079
163001 7594628
164001 7522450
165001 7726161
166001 7777217
167001 7884919
168001 7976123
169001 8018613
170001 8207874
171001 8243542
172001 8341556
173001 8660946
174001 8750675
175001 8574492
176001 8661891
177001 8961744
178001 9103906
179001 8985374
180001 9117920
181001 9193401
182001 9393896
183001 9421839
184001 9502785
185001 9746264
186001 9721666
187001 9877362
188001 10006832
189001 10063320
190001 10097597
191001 10437822
192001 10278092
193001 10449077
194001 10760470
195001 10718864
196001 10919543
197001 11075831
198001 11019617
199001 11083009
200001 14129197
201001 11361332
202001 11616861
203001 11840021
204001 11731848
205001 11812185
206001 12034871
207001 12246503
208001 12148909
209001 12288390
210001 12566254
211001 12462824
212001 12773295
213001 12803160
214001 12965308
215001 13075146
216001 13158307
217001 14813914
218001 13533195
219001 13455122
220001 13788990
221001 13748648
222001 13991900
223001 14241524
224001 15380580
225001 14300444
226001 14653613
227001 14498286
228001 14956101
229001 14824917
230001 14939189
231001 14983661
232001 15246821
233001 15597535
234001 15438976
235001 15477874
236001 16003867
237001 21755983
238001 22045495
239001 19628918
240001 18281815
241001 18373841
242001 20604926
243001 23116981
244001 19244750
245001 21616297
246001 22830334
247001 22313129
248001 19570673
249001 17987386
250001 17996729
251001 18253826
252001 21415644
253001 18104988
254001 18446550
255001 18258223
256001 18339355
257001 18824186
258001 18880219
259001 19053185
260001 19074380
261001 19246062
262001 19197385
263001 23772497
264001 19550924
265001 19767622
266001 20093596
267001 20365732
268001 20510412
269001 20662931
270001 20692994
271001 20728605
272001 23164544
273001 22078465
274001 21936972
275001 22424578
276001 22421137
277001 21992242
278001 22291869
279001 22025673
280001 22095957
281001 22311408
282001 22490369
283001 22391962
284001 22938285
285001 23043367
286001 23282634
287001 23274286
288001 23389607
289001 23611062
290001 23895592
291001 23953725
292001 24123904
293001 24412431
294001 24435934
295001 24500610
296001 24763210
297001 24775924
298001 25383712
299001 25255615
300001 25514119
301001 25767209
302001 25945153
303001 25860180
304001 25892329
305001 31301547
306001 26727636
307001 26668680
308001 26690077
309001 27088650
310001 29150095
311001 27303144
312001 28460162
313001 29130372
314001 29995336
315001 27985463
316001 28616944
317001 29035414
318001 29395355
319001 28451067
320001 29134931
321001 28889196
322001 29345621
323001 29747035
324001 29741973
325001 29885519
326001 30245559
327001 30483061
328001 30199682
329001 30574767
330001 31064190
331001 30907464
332001 31025674
333001 31329765
334001 31441369
335001 31953357
336001 31591058
337001 32200502
338001 32189918
339001 32553076
340001 32461921
341001 34587138
342001 33720021
343001 34450881
344001 34719367
345001 36897648
346001 34413530
347001 35044130
348001 35128989
349001 39035277
350001 39293450
351001 38668685
352001 37929101
353001 38461042
354001 37257282
355001 46016852
356001 36852318
357001 35961847
358001 37352126
359001 38013404
360001 38524120
361001 37852024
362001 37312173
363001 37796719
364001 37608172
365001 37929410
366001 37720356
367001 38112939
368001 46199543
369001 38751976
370001 38681878
371001 40296327
372001 40377610
373001 40804173
374001 41339266
375001 40661389
376001 40250558
377001 40375784
378001 41196755
379001 40865434
380001 41045601
381001 40729953
382001 40962848
383001 41436223
384001 41927876
385001 41447170
386001 42484748
387001 42323122
388001 42401363
389001 42883966
390001 47770037
391001 47770865
392001 46308029
393001 51137993
394001 51574577
395001 49244798
396001 50936607
397001 50829080
398001 50173498
399001 50755713
400001 50273704
401001 50063495
402001 50315920
403001 52897465
404001 49589640
405001 49015417
406001 47929939
407001 48658528
408001 48549595
409001 48421103
410001 48847266
411001 48214450
412001 48645486
413001 49471721
414001 50260114
415001 49751228
416001 52415887
417001 52726444
418001 51249704
419001 53171491
420001 54463361
421001 55097362
422001 56133433
423001 55215681
424001 53569214
425001 53349175
426001 53776833
427001 53581872
428001 54127116
429001 56468335
430001 54082511
431001 53770631
432001 54771308
433001 53473833
434001 55193621
435001 54468385
436001 54193865
437001 54634457
438001 59412010
439001 59006697
440001 57118400
441001 57192788
442001 56218269
443001 56298296
444001 56606938
445001 56520212
446001 57488790
447001 58158824
448001 58026506
449001 58506271
450001 61061171
451001 58938628
452001 59260758
453001 58334755
454001 59051442
455001 59597949
456001 59704306
457001 64142622
458001 65235604
459001 65519957
460001 65612637
461001 62950091
462001 61971987
463001 61858166
464001 61852293
465001 62114134
466001 65775889
467001 64062754
468001 63716689
469001 72769707
470001 69773127
471001 73402512
472001 68730470
473001 64108291
474001 65168431
475001 65187213
476001 65645553
477001 65779984
478001 72935000
479001 72423855
480001 72494233
481001 69440027
482001 66915614
483001 67605139
484001 67378463
485001 67924394
486001 68190514
487001 68385019
488001 68440107
489001 69134339
490001 69339504
491001 76592384
492001 75098083
493001 75808263
494001 71597441
495001 72279213
496001 72113521
497001 71525696
498001 75888086
499001 78128125
