1 4131
1001 3227
2001 4645
3001 5528
4001 7173
5001 8973
6001 10934
7001 12972
8001 14386
9001 17200
10001 18423
11001 19694
12001 21516
13001 23700
14001 26983
15001 28504
16001 30809
17001 31881
18001 83719
19001 37618
20001 40210
21001 41926
22001 46694
23001 48287
24001 50384
25001 52940
26001 55942
27001 58143
28001 60487
29001 63265
30001 64255
31001 60424
32001 66533
33001 70576
34001 79881
35001 70766
36001 73129
37001 74794
38001 77597
39001 78478
40001 101419
41001 103727
42001 89954
43001 88444
44001 90854
45001 99953
46001 101954
47001 121523
48001 107139
49001 108601
50001 110696
51001 116639
52001 116220
53001 120242
54001 121886
55001 123063
56001 125080
57001 130450
58001 131309
59001 133293
60001 141357
61001 140014
62001 144754
63001 144045
64001 148822
65001 150946
66001 152625
67001 153016
68001 157443
69001 159441
70001 162941
71001 165550
72001 167093
73001 169996
74001 175170
75001 183662
76001 174471
77001 178553
78001 185237
79001 185228
80001 188291
81001 195516
82001 196257
83001 199866
84001 205337
85001 208516
86001 206165
87001 207653
88001 212745
89001 216409
90001 217715
91001 220434
92001 223033
93001 227849
94001 234084
95001 232785
96001 234565
97001 237687
98001 239529
99001 248602
100001 248964
101001 249623
102001 250368
103001 256448
104001 238975
105001 244989
106001 245695
107001 247835
108001 251305
109001 252218
110001 264863
111001 263755
112001 259455
113001 262353
114001 265580
115001 268156
116001 272787
117001 271816
118001 277006
119001 277799
120001 280133
121001 282507
122001 285434
123001 298501
124001 291713
125001 295083
126001 291781
127001 297177
128001 294278
129001 302243
130001 306119
131001 309702
132001 312788
133001 309941
134001 321818
135001 316862
136001 322329
137001 321673
138001 330543
139001 323562
140001 346091
141001 344279
142001 333186
143001 337470
144001 357373
145001 343706
146001 344880
147001 350412
148001 357940
149001 348605
150001 356203
151001 352926
152001 356669
153001 371195
154001 366930
155001 371952
156001 368946
157001 371850
158001 374689
159001 374979
160001 376140
161001 379140
162001 390523
163001 388886
164001 387205
165001 393543
166001 396488
167001 399664
168001 403725
169001 398493
170001 402000
171001 405062
172001 411003
173001 408085
174001 408888
175001 415579
176001 452046
177001 422584
178001 421491
179001 437351
180001 450769
181001 460367
182001 446663
183001 491322
184001 474527
185001 478924
186001 489454
187001 480284
188001 479994
189001 484118
190001 468208
191001 470774
192001 470831
193001 485339
194001 484078
195001 478498
196001 479504
197001 487373
198001 493146
199001 490235
200001 495321
201001 484386
202001 490791
203001 489279
204001 481242
205001 487893
206001 513380
207001 502992
208001 494459
209001 493061
210001 494562
211001 503512
212001 515329
213001 503348
214001 511971
215001 517205
216001 513401
217001 509387
218001 518551
219001 521461
220001 555449
221001 523126
222001 2100902
223001 590043
224001 592627
225001 590431
226001 593089
227001 553973
228001 542064
229001 544079
230001 552857
231001 543453
232001 558961
233001 559180
234001 556343
235001 565526
236001 620131
237001 572068
238001 609201
239001 581776
240001 615318
241001 571656
242001 581912
243001 584609
244001 592508
245001 586011
246001 591122
247001 589332
248001 600215
249001 600884
250001 604082
251001 610595
252001 608468
253001 605943
254001 657685
255001 628141
256001 615020
257001 621295
258001 622450
259001 629713
260001 629458
261001 629547
262001 651720
263001 633793
264001 653418
265001 646228
266001 641818
267001 655558
268001 648390
269001 654128
270001 656814
271001 657061
272001 653760
273001 657662
274001 662423
275001 670352
276001 674431
277001 711892
278001 677710
279001 671808
280001 681837
281001 677479
282001 685916
283001 685893
284001 689448
285001 700427
286001 708503
287001 700551
288001 718161
289001 702115
290001 711168
291001 708654
292001 710645
293001 713183
294001 716297
295001 729389
296001 722215
297001 723972
298001 726658
299001 740007
300001 743056
301001 735024
302001 738549
303001 747413
304001 745252
305001 768938
306001 753329
307001 760779
308001 759457
309001 768073
310001 773086
311001 769022
312001 797550
313001 787539
314001 790949
315001 790499
316001 789013
317001 803504
318001 818725
319001 803767
320001 803140
321001 801843
322001 800253
323001 813399
324001 814590
325001 812850
326001 817826
327001 856816
328001 820735
329001 876910
330001 861356
331001 860712
332001 850763
333001 868393
334001 842834
335001 869020
336001 855628
337001 852988
338001 857571
339001 862830
340001 856611
341001 862731
342001 876456
343001 873174
344001 899547
345001 873233
346001 887138
347001 893382
348001 885997
349001 896710
350001 892267
351001 894659
352001 904100
353001 1043575
354001 1151560
355001 1150890
356001 1153607
357001 1212571
358001 1171268
359001 1148679
360001 1157875
361001 1217785
362001 1199718
363001 1214379
364001 1266299
365001 1207750
366001 1181814
367001 1235609
368001 1929879
369001 1040039
370001 1086541
371001 1078299
372001 993144
373001 966348
374001 956928
375001 997752
376001 970529
377001 965716
378001 991695
379001 1009517
380001 979959
381001 981690
382001 989160
383001 984050
384001 986778
385001 997173
386001 994116
387001 1031485
388001 1026166
389001 1004835
390001 1002702
391001 1010377
392001 1006651
393001 1015348
394001 1021000
395001 1021033
396001 1020842
397001 1031824
398001 1028519
399001 1036678
400001 1033908
401001 1024266
402001 1049753
403001 1054161
404001 1034126
405001 1049140
406001 1048862
407001 1050118
408001 1072377
409001 1046346
410001 1066597
411001 1053925
412001 1075568
413001 1064268
414001 1061936
415001 1069184
416001 1066956
417001 1068662
418001 1082457
419001 1108235
420001 1079812
421001 1078757
422001 1142064
423001 1101967
424001 1095283
425001 1112185
426001 1106660
427001 1099443
428001 1111695
429001 1136781
430001 1112651
431001 1110604
432001 1130201
433001 1123027
434001 1116441
435001 1131153
436001 1134458
437001 1126950
438001 1129470
439001 1133799
440001 1148167
441001 1218123
442001 1160458
443001 1185971
444001 1164418
445001 1156553
446001 1160608
447001 1202084
448001 1225424
449001 1223020
450001 1177543
451001 1170300
452001 1180528
453001 1172271
454001 1182724
455001 1180769
456001 1188837
457001 1184408
458001 1188718
459001 1200102
460001 1199924
461001 1216922
462001 1200890
463001 1197991
464001 1211652
465001 1205616
466001 1210156
467001 1222632
468001 1247634
469001 1228999
470001 1221529
471001 2623646
472001 1360479
473001 1368118
474001 1279011
475001 1249656
476001 1258009
477001 1245662
478001 1252866
479001 1249034
480001 1254607
481001 1258940
482001 1273918
483001 1254535
484001 1280756
485001 1305688
486001 1313959
487001 1329052
488001 1277880
489001 1278592
490001 1279512
491001 1275512
492001 1288593
493001 1310998
494001 1293093
495001 1295973
496001 1318203
497001 1315338
498001 1312452
499001 1325939
