1 365784
1001 906130
2001 226639
3001 353255
4001 456057
5001 572809
6001 690142
7001 835953
8001 903490
9001 1013179
10001 1190634
11001 1278434
12001 1450486
13001 1546908
14001 1425446
15001 1509959
16001 1598208
17001 1751186
18001 1674247
19001 1637408
20001 1782798
21001 1943837
22001 2054932
23001 2152576
24001 2186573
25001 1707914
26001 1448519
27001 1480188
28001 1468173
29001 1435883
30001 1424297
31001 1405075
32001 1488953
33001 941593
34001 691035
35001 661683
36001 683793
37001 671696
38001 729962
39001 547834
40001 570316
41001 427859
42001 439388
43001 449042
44001 462259
45001 479341
46001 480633
47001 494729
48001 516700
49001 165568
50001 123062
51001 125205
52001 130265
53001 134623
54001 136643
55001 136772
56001 147141
57001 145097
58001 143146
59001 150021
60001 151941
61001 154972
62001 157542
63001 166269
64001 163269
65001 165507
66001 168053
67001 171969
68001 174741
69001 198096
70001 177642
71001 176039
72001 201549
73001 189692
74001 196386
75001 202762
76001 200837
77001 204135
78001 200656
79001 215422
80001 219190
81001 209292
82001 224187
83001 214407
84001 3208555
85001 164755
86001 163143
87001 162144
88001 164113
89001 168750
90001 166432
91001 170182
92001 172140
93001 174328
94001 177843
95001 178032
96001 181613
97001 212142
98001 187490
99001 187607
100001 191775
101001 189191
102001 193572
103001 198370
104001 196327
105001 199591
106001 201170
107001 206012
108001 211681
109001 205654
110001 210536
111001 215542
112001 232009
113001 221066
114001 221210
115001 221804
116001 225169
117001 225401
118001 228295
119001 230481
120001 233352
121001 235169
122001 235711
123001 239996
124001 243609
125001 243280
126001 258514
127001 5355308
128001 249095
129001 248830
130001 250983
131001 254388
132001 256351
133001 259239
134001 259637
135001 269240
136001 265538
137001 264676
138001 266589
139001 268801
140001 270447
141001 273615
142001 278109
143001 287746
144001 263096
145001 262475
146001 268944
147001 392897
148001 445887
149001 469464
150001 450658
151001 458968
152001 460307
153001 466552
154001 472084
155001 467726
156001 469911
157001 477120
158001 475997
159001 483762
160001 4171979
161001 539678
162001 523930
163001 558764
164001 525941
165001 526816
166001 535881
167001 534848
168001 558961
169001 540163
170001 547150
171001 562939
172001 557486
173001 557252
174001 567645
175001 579338
176001 567110
177001 567316
178001 568130
179001 574117
180001 360817
181001 331916
182001 331774
183001 337773
184001 335175
185001 338290
186001 344337
187001 3966470
188001 362243
189001 384835
190001 380956
191001 374621
192001 379464
193001 377911
194001 382792
195001 383014
196001 387739
197001 360606
198001 361941
199001 377610
200001 362012
201001 365383
202001 368210
203001 369701
204001 371520
205001 373136
206001 383264
207001 382819
208001 393947
209001 380049
210001 386576
211001 385080
212001 412656
213001 412117
214001 409455
215001 529195
216001 548841
217001 542649
218001 543455
219001 553107
220001 563592
221001 563781
222001 601642
223001 586497
224001 558776
225001 579384
226001 573183
227001 570078
228001 587696
229001 574002
230001 588457
231001 576188
232001 6624220
233001 435566
234001 434146
235001 441300
236001 442122
237001 443418
238001 466239
239001 615581
240001 633429
241001 615494
242001 620894
243001 625704
244001 630606
245001 623428
246001 628592
247001 628357
248001 635025
249001 633950
250001 520163
251001 466807
252001 467230
253001 467786
254001 472455
255001 472842
256001 476697
257001 479864
258001 482731
259001 480477
260001 483281
261001 475601
262001 491387
263001 491421
264001 498910
265001 517359
266001 516444
267001 497265
268001 508601
269001 3726177
270001 547785
271001 550968
272001 559342
273001 549577
274001 543367
275001 519628
276001 550501
277001 523211
278001 518674
279001 524350
280001 522964
281001 520422
282001 525525
283001 534466
284001 529534
285001 543801
286001 536440
287001 538150
288001 539590
289001 540762
290001 558192
291001 551300
292001 549110
293001 547163
294001 553013
295001 553076
296001 554985
297001 556652
298001 561834
299001 559307
300001 562600
301001 562484
302001 581163
303001 588879
304001 693252
305001 637221
306001 779492
307001 780980
308001 788741
309001 824754
310001 796031
311001 794007
312001 799952
313001 805307
314001 804685
315001 814116
316001 816587
317001 814328
318001 826760
319001 819656
320001 821215
321001 825421
322001 834496
323001 834856
324001 835022
325001 836576
326001 848807
327001 857072
328001 902272
329001 919841
330001 895927
331001 926198
332001 7007041
333001 689819
334001 693035
335001 745163
336001 694259
337001 1189921
338001 1264474
339001 1277261
340001 1262502
341001 1261950
342001 1258117
343001 1261920
344001 1254875
345001 1243095
346001 684190
347001 668363
348001 671998
349001 680763
350001 673785
351001 675975
352001 679116
353001 679332
354001 679909
355001 683288
356001 695623
357001 698239
358001 692562
359001 699099
360001 694330
361001 712497
362001 700398
363001 713143
364001 703774
365001 707616
366001 728609
367001 718552
368001 719768
369001 727172
370001 721172
371001 753271
372001 729299
373001 728397
374001 732891
375001 734417
376001 746344
377001 735940
378001 758415
379001 756994
380001 749791
381001 747445
382001 756652
383001 747354
384001 751703
385001 3187428
386001 825858
387001 852334
388001 923395
389001 790257
390001 796227
391001 835210
392001 791638
393001 787376
394001 792329
395001 800989
396001 911034
397001 785833
398001 789415
399001 783360
400001 787814
401001 806496
402001 792192
403001 793954
404001 815195
405001 804407
406001 813155
407001 806702
408001 811838
409001 815738
410001 818021
411001 814602
412001 815590
413001 819554
414001 842199
415001 830962
416001 824381
417001 883794
418001 875847
419001 832249
420001 870031
421001 836851
422001 838968
423001 904606
424001 839076
425001 883570
426001 845016
427001 860129
428001 887405
429001 858290
430001 852231
431001 1103577
432001 1042183
433001 1053047
434001 1173826
435001 1164521
436001 1164748
437001 1209731
438001 1196138
439001 1168903
440001 1176956
441001 1178958
442001 1174896
443001 1185840
444001 1195439
445001 1198691
446001 1208277
447001 1204828
448001 1203863
449001 1205432
450001 1232605
451001 1206337
452001 1207675
453001 1217378
454001 1211029
455001 1205596
456001 1244750
457001 1222082
458001 1227946
459001 1228951
460001 1220148
461001 1229348
462001 1231343
463001 1243843
464001 1280980
465001 1240783
466001 1247649
467001 1253494
468001 1257436
469001 1288246
470001 1277919
471001 1278569
472001 1265213
473001 2900268
474001 1034695
475001 1049845
476001 1032467
477001 949991
478001 951036
479001 961710
480001 952581
481001 955857
482001 976636
483001 973127
484001 974188
485001 1442387
486001 993790
487001 975187
488001 972508
489001 987388
490001 979104
491001 978421
492001 975757
493001 992758
494001 989892
495001 985347
496001 991979
497001 991318
498001 1049219
499001 1011318
