1 5094
1001 174117
2001 393781
3001 824574
4001 806598
5001 1083771
6001 1736319
7001 1826555
8001 2825517
9001 1979087
10001 2169039
11001 2594480
12001 2615094
13001 2899042
14001 6678284
15001 3330757
16001 3913587
17001 4010389
18001 4086848
19001 4319232
20001 4593388
21001 4901039
22001 5111122
23001 5300110
24001 5567312
25001 5776854
26001 6201305
27001 6534998
28001 6971027
29001 6742423
30001 6870114
31001 7101651
32001 10040989
33001 7559758
34001 7805301
35001 8052366
36001 8334970
37001 8583579
38001 8961924
39001 9318036
40001 9708232
41001 9950596
42001 10374982
43001 14703455
44001 10879818
45001 11159183
46001 11309624
47001 11274381
48001 12417782
49001 11652988
50001 12118382
51001 13300726
52001 15844803
53001 13778737
54001 13127133
55001 13552139
56001 13916716
57001 14080716
58001 15017767
59001 16906407
60001 15266646
61001 14780845
62001 15279114
63001 15429978
64001 16403017
65001 16509021
66001 17949767
67001 16632938
68001 17296790
69001 17294899
70001 17848617
71001 17718816
72001 19415055
73001 18284445
74001 18392337
75001 19082341
76001 18831670
77001 19240111
78001 20880774
79001 19661156
80001 19961128
81001 20268186
82001 20635426
83001 23369859
84001 21539259
85001 26249606
86001 25197527
87001 25676862
88001 28765114
89001 26814220
90001 26815193
91001 27878517
92001 29929451
93001 29549642
94001 25843867
95001 28102155
96001 27769259
97001 28719572
98001 27694231
99001 25088319
100001 25681586
101001 31523537
102001 25906480
103001 25980274
104001 26605707
105001 35931960
106001 27367887
107001 28012078
108001 28232401
109001 31222126
110001 27940026
111001 28879232
112001 28882941
113001 31617368
114001 29760284
115001 29045123
116001 29376259
117001 34207948
118001 29976395
119001 30407107
120001 39493607
121001 33709389
122001 34101271
123001 33310389
124001 33055477
125001 31692944
126001 32725370
127001 36180488
128001 32927015
129001 33495613
130001 36864428
131001 33278360
132001 34108810
133001 34792206
134001 45804909
135001 36847136
136001 35102460
137001 38209952
138001 36525315
139001 36529999
140001 39629236
141001 37643264
142001 37116088
143001 40332395
144001 41312405
145001 38357708
146001 40425267
147001 38574889
148001 40203785
149001 41549315
150001 40300557
151001 41547712
152001 43528762
153001 40261704
154001 43027537
155001 41518975
156001 41028712
157001 45856719
158001 42187994
159001 41841750
160001 61043955
161001 42645811
162001 45230338
163001 42800669
164001 43292496
165001 51704415
166001 43079411
167001 43678520
168001 46673496
169001 44282465
170001 49513156
171001 45251495
172001 45308543
173001 48009139
174001 45703280
175001 48238016
176001 46271272
177001 46770289
178001 53428761
179001 48980711
180001 50544608
181001 47885434
182001 54460844
183001 51379176
184001 49260436
185001 53246288
186001 49483930
187001 52883739
188001 49921064
189001 56870769
190001 51559380
191001 54607518
192001 52595087
193001 53781720
194001 56112549
195001 52044507
196001 56384113
197001 52503803
198001 55141005
199001 53272675
200001 65787911
201001 53147871
202001 57113531
203001 54567903
204001 57921337
205001 55335723
206001 57753546
207001 56106804
208001 58728909
209001 56162572
210001 59576638
211001 56943477
212001 60529422
213001 56912006
214001 60539121
215001 58356081
216001 61828330
217001 58282124
218001 60956789
219001 59069237
220001 70016659
221001 70333402
222001 75710570
223001 63392749
224001 63498235
225001 60267303
226001 66486209
227001 63569013
228001 66124175
229001 62375719
230001 61954472
231001 65118526
232001 62110961
233001 73077801
234001 75799753
235001 78178264
236001 72188919
237001 73446372
238001 68150624
239001 67902345
240001 78360667
241001 66644742
242001 70309560
243001 66932950
244001 69184966
245001 69430997
246001 67870967
247001 81641554
248001 66815221
249001 70089928
250001 70617185
251001 69371675
252001 71525550
253001 68628318
254001 72417772
255001 73052037
256001 70079941
257001 74179791
258001 71001879
259001 72032159
260001 77724627
261001 72078312
262001 75766767
263001 74906373
264001 73183785
265001 77665911
266001 75033683
267001 75518906
268001 83999322
269001 74080948
270001 86625004
271001 77053322
272001 74054361
273001 78170823
274001 90760068
275001 75349246
276001 80140501
277001 80535209
278001 76152513
279001 79722732
280001 79613638
281001 78800323
282001 91098163
283001 82481733
284001 78472977
285001 81744323
286001 82345812
287001 80660562
288001 88682216
289001 90540094
290001 83186664
291001 80269080
292001 93948539
293001 93405326
294001 80394079
295001 83450350
296001 84818552
297001 88032272
298001 81727306
299001 89849602
300001 92470785
301001 84380947
302001 95303206
303001 87423821
304001 97473595
305001 85260727
306001 89378486
307001 88019334
308001 98683725
309001 85119708
310001 87652564
311001 89368338
312001 89650995
313001 86288937
314001 89731299
315001 91567548
316001 95436029
317001 86429502
318001 87028271
319001 90162820
320001 91256547
321001 95447687
322001 90509651
323001 96325251
324001 92994854
325001 101543244
326001 91526270
327001 94339044
328001 102693841
329001 93898437
330001 103556549
331001 90519094
332001 94230496
333001 95831670
334001 95257988
335001 105448547
336001 98995768
337001 95363771
338001 95331180
339001 100179087
340001 97737947
341001 96805888
342001 110459444
343001 94932751
344001 96678659
345001 110554817
346001 123011542
347001 108164867
348001 98661528
349001 117903126
350001 101097770
351001 101193174
352001 102645938
353001 104302272
354001 118528711
355001 120294476
356001 113496935
357001 102634049
358001 100158478
359001 100866367
360001 106216293
361001 117568019
362001 120544704
363001 105474367
364001 105850303
365001 118287032
366001 124021299
367001 117526060
368001 110337150
369001 110816446
370001 113092449
371001 109521807
372001 115016310
373001 110224798
374001 108943531
375001 108548601
376001 110860629
377001 110957839
378001 110278602
379001 106593012
380001 108387836
381001 108377308
382001 124013192
383001 110994928
384001 127522526
385001 115390327
386001 115458939
387001 126028613
388001 115024557
389001 112181208
390001 114314268
391001 116233322
392001 113399977
393001 121157619
394001 131936314
395001 120998825
396001 116492809
397001 118235260
398001 118189385
399001 122029763
400001 120389523
401001 133532627
402001 133195735
403001 127607737
404001 117568155
405001 119061852
406001 119260040
407001 118641769
408001 118284861
409001 118625652
410001 122995539
411001 122574096
412001 119980324
413001 126265194
414001 122204967
415001 133254923
416001 136674380
417001 142123745
418001 123416141
419001 128903265
420001 125889466
421001 130782785
422001 121549849
423001 122228782
424001 122177594
425001 121667572
426001 123738732
427001 122447892
428001 130902676
429001 124030819
430001 123545489
431001 132491436
432001 124268647
433001 128523612
434001 134104744
435001 134424769
436001 133366747
437001 127025072
438001 133937558
439001 127724222
440001 130628374
441001 133725741
442001 149028384
443001 130271207
444001 135013380
445001 136529794
446001 133377644
447001 133176600
448001 131651065
449001 151443271
450001 152825044
451001 137205158
452001 132276651
453001 134311390
454001 131333968
455001 132277749
456001 130706084
457001 130910218
458001 131641943
459001 133285290
460001 131831797
461001 137862548
462001 141120599
463001 137151334
464001 140482476
465001 138146296
466001 140628515
467001 140154104
468001 144698695
469001 139237271
470001 138156830
471001 140225019
472001 136932519
473001 151411543
474001 138410120
475001 141959493
476001 144619550
477001 140850580
478001 142801733
479001 145243804
480001 139916190
481001 147527438
482001 150536334
483001 144573179
484001 144228961
485001 214060221
486001 206537733
487001 152782607
488001 142325649
489001 145797545
490001 147767298
491001 145937481
492001 158882784
493001 151130441
494001 151002190
495001 145323245
496001 155391396
497001 146027761
498001 154018952
499001 160879404
